<?xml version="1.0" encoding="UTF-8"?>
<TestRun id="576a28ae-b6d5-4584-bde5-ca6b53eb8dc2" name="Advay@DESKTOP-0M063TH 2019-01-03 23:14:47" runUser="DESKTOP-0M063TH\Advay" xmlns="http://microsoft.com/schemas/VisualStudio/TeamTest/2010">
  <TestSettings name="Local" id="f59c1fbb-20b5-4fec-8e17-fdf92e79574e">
    <Description>These are default test settings for a local test run.</Description>
    <Execution hostProcessPlatform="MSIL">
      <TestTypeSpecific />
      <AgentRule name="Execution Agents">
      </AgentRule>
    </Execution>
    <Deployment runDeploymentRoot="Advay_DESKTOP-0M063TH 2019-01-03 23_14_47" />
    <Properties>
      <Property name="TestSettingsUIType" value="LoadTest" />
    </Properties>
  </TestSettings>
  <Times creation="2019-01-03T23:14:47.9202169+05:30" queuing="2019-01-03T23:14:48.2463449+05:30" start="2019-01-03T23:14:48.3311167+05:30" finish="2019-01-03T23:15:02.4063319+05:30" />
  <ResultSummary outcome="Failed">
    <Counters total="1" executed="1" error="0" failed="1" timeout="0" aborted="0" inconclusive="0" passedButRunAborted="0" notRunnable="0" notExecuted="0" disconnected="0" warning="0" passed="0" completed="0" inProgress="0" pending="0" />
  </ResultSummary>
  <TestDefinitions>
    <WebTest name="WebTest1" storage="c:\users\advay\source\repos\webandloadtestproject\webandloadtestproject\webtest1.webtest" id="1e7336b3-21a5-4c1d-8cd4-c70d8d7d430c" persistedWebTest="77u/PD94bWwgdmVyc2lvbj0iMS4wIiBlbmNvZGluZz0iVVRGLTgiIHN0YW5kYWxvbmU9InllcyI/Pg0KPFdlYlRlc3QgTmFtZT0iV2ViVGVzdDEiIElkPSIxZTczMzZiMy0yMWE1LTRjMWQtOGNkNC1jNzBkOGQ3ZDQzMGMiIE93bmVyPSIiIFByaW9yaXR5PSIyMTQ3NDgzNjQ3IiBFbmFibGVkPSJUcnVlIiBDc3NQcm9qZWN0U3RydWN0dXJlPSIiIENzc0l0ZXJhdGlvbj0iIiBUaW1lb3V0PSIwIiBXb3JrSXRlbUlkcz0iIiB4bWxucz0iaHR0cDovL21pY3Jvc29mdC5jb20vc2NoZW1hcy9WaXN1YWxTdHVkaW8vVGVhbVRlc3QvMjAxMCIgRGVzY3JpcHRpb249IiIgQ3JlZGVudGlhbFVzZXJOYW1lPSIiIENyZWRlbnRpYWxQYXNzd29yZD0iIiBQcmVBdXRoZW50aWNhdGU9IlRydWUiIFByb3h5PSJkZWZhdWx0IiBTdG9wT25FcnJvcj0iRmFsc2UiIFJlY29yZGVkUmVzdWx0RmlsZT0iV2ViVGVzdDEuN2EzZDQzYTItM2VmNi00YTJjLWEyMjEtZGZhY2YwNzg0ODMzLnJlYy53ZWJ0ZXN0cmVzdWx0IiBSZXN1bHRzTG9jYWxlPSIiPg0KICA8SXRlbXM+DQogICAgPFJlcXVlc3QgTWV0aG9kPSJHRVQiIEd1aWQ9IjUyMjRhZDJiLTRmZjYtNDllOS1hODE4LWY2NWQ3MTNjMTdiYyIgVmVyc2lvbj0iMS4xIiBVcmw9Imh0dHA6Ly9hcGkuYmluZy5jb20vcXNtbC5hc3B4IiBUaGlua1RpbWU9IjAiIFRpbWVvdXQ9IjMwMCIgUGFyc2VEZXBlbmRlbnRSZXF1ZXN0cz0iVHJ1ZSIgRm9sbG93UmVkaXJlY3RzPSJUcnVlIiBSZWNvcmRSZXN1bHQ9IlRydWUiIENhY2hlPSJGYWxzZSIgUmVzcG9uc2VUaW1lR29hbD0iMCIgRW5jb2Rpbmc9InV0Zi04IiBFeHBlY3RlZEh0dHBTdGF0dXNDb2RlPSIwIiBFeHBlY3RlZFJlc3BvbnNlVXJsPSJodHRwczovL2FwaS5iaW5nLmNvbS9xc21sLmFzcHg/cXVlcnk9dyZhbXA7bWF4d2lkdGg9MzI3NjUmYW1wO3Jvd2hlaWdodD0yMCZhbXA7c2VjdGlvbkhlaWdodD0xNjAmYW1wO0ZPUk09SUVTUzRBJmFtcDttYXJrZXQ9ZW4tVVMmYW1wO3BjPUVVUFBfIiBSZXBvcnRpbmdOYW1lPSIiIElnbm9yZUh0dHBTdGF0dXNDb2RlPSJGYWxzZSI+DQogICAgICA8UXVlcnlTdHJpbmdQYXJhbWV0ZXJzPg0KICAgICAgICA8UXVlcnlTdHJpbmdQYXJhbWV0ZXIgTmFtZT0icXVlcnkiIFZhbHVlPSJ3IiBSZWNvcmRlZFZhbHVlPSJ3IiBDb3JyZWxhdGlvbkJpbmRpbmc9IiIgVXJsRW5jb2RlPSJGYWxzZSIgVXNlVG9Hcm91cFJlc3VsdHM9IkZhbHNlIiAvPg0KICAgICAgICA8UXVlcnlTdHJpbmdQYXJhbWV0ZXIgTmFtZT0ibWF4d2lkdGgiIFZhbHVlPSIzMjc2NSIgUmVjb3JkZWRWYWx1ZT0iMzI3NjUiIENvcnJlbGF0aW9uQmluZGluZz0iIiBVcmxFbmNvZGU9IkZhbHNlIiBVc2VUb0dyb3VwUmVzdWx0cz0iRmFsc2UiIC8+DQogICAgICAgIDxRdWVyeVN0cmluZ1BhcmFtZXRlciBOYW1lPSJyb3doZWlnaHQiIFZhbHVlPSIyMCIgUmVjb3JkZWRWYWx1ZT0iMjAiIENvcnJlbGF0aW9uQmluZGluZz0iIiBVcmxFbmNvZGU9IkZhbHNlIiBVc2VUb0dyb3VwUmVzdWx0cz0iRmFsc2UiIC8+DQogICAgICAgIDxRdWVyeVN0cmluZ1BhcmFtZXRlciBOYW1lPSJzZWN0aW9uSGVpZ2h0IiBWYWx1ZT0iMTYwIiBSZWNvcmRlZFZhbHVlPSIxNjAiIENvcnJlbGF0aW9uQmluZGluZz0iIiBVcmxFbmNvZGU9IkZhbHNlIiBVc2VUb0dyb3VwUmVzdWx0cz0iRmFsc2UiIC8+DQogICAgICAgIDxRdWVyeVN0cmluZ1BhcmFtZXRlciBOYW1lPSJGT1JNIiBWYWx1ZT0iSUVTUzRBIiBSZWNvcmRlZFZhbHVlPSJJRVNTNEEiIENvcnJlbGF0aW9uQmluZGluZz0iIiBVcmxFbmNvZGU9IkZhbHNlIiBVc2VUb0dyb3VwUmVzdWx0cz0iRmFsc2UiIC8+DQogICAgICAgIDxRdWVyeVN0cmluZ1BhcmFtZXRlciBOYW1lPSJtYXJrZXQiIFZhbHVlPSJlbi1VUyIgUmVjb3JkZWRWYWx1ZT0iZW4tVVMiIENvcnJlbGF0aW9uQmluZGluZz0iIiBVcmxFbmNvZGU9IkZhbHNlIiBVc2VUb0dyb3VwUmVzdWx0cz0iRmFsc2UiIC8+DQogICAgICAgIDxRdWVyeVN0cmluZ1BhcmFtZXRlciBOYW1lPSJwYyIgVmFsdWU9IkVVUFBfIiBSZWNvcmRlZFZhbHVlPSJFVVBQXyIgQ29ycmVsYXRpb25CaW5kaW5nPSIiIFVybEVuY29kZT0iRmFsc2UiIFVzZVRvR3JvdXBSZXN1bHRzPSJGYWxzZSIgLz4NCiAgICAgIDwvUXVlcnlTdHJpbmdQYXJhbWV0ZXJzPg0KICAgIDwvUmVxdWVzdD4NCiAgICA8UmVxdWVzdCBNZXRob2Q9IkdFVCIgR3VpZD0iYmY4ZDQyY2YtNDVjMy00NTgwLTk3ZjctYjIzYmU0MjhmZjgyIiBWZXJzaW9uPSIxLjEiIFVybD0iaHR0cDovL2FwaS5iaW5nLmNvbS9xc21sLmFzcHgiIFRoaW5rVGltZT0iMCIgVGltZW91dD0iMzAwIiBQYXJzZURlcGVuZGVudFJlcXVlc3RzPSJUcnVlIiBGb2xsb3dSZWRpcmVjdHM9IlRydWUiIFJlY29yZFJlc3VsdD0iVHJ1ZSIgQ2FjaGU9IkZhbHNlIiBSZXNwb25zZVRpbWVHb2FsPSIwIiBFbmNvZGluZz0idXRmLTgiIEV4cGVjdGVkSHR0cFN0YXR1c0NvZGU9IjAiIEV4cGVjdGVkUmVzcG9uc2VVcmw9Imh0dHBzOi8vYXBpLmJpbmcuY29tL3FzbWwuYXNweD9xdWVyeT13dyZhbXA7bWF4d2lkdGg9MzI3NjUmYW1wO3Jvd2hlaWdodD0yMCZhbXA7c2VjdGlvbkhlaWdodD0xNjAmYW1wO0ZPUk09SUVTUzRBJmFtcDttYXJrZXQ9ZW4tVVMmYW1wO3BjPUVVUFBfIiBSZXBvcnRpbmdOYW1lPSIiIElnbm9yZUh0dHBTdGF0dXNDb2RlPSJGYWxzZSI+DQogICAgICA8UXVlcnlTdHJpbmdQYXJhbWV0ZXJzPg0KICAgICAgICA8UXVlcnlTdHJpbmdQYXJhbWV0ZXIgTmFtZT0icXVlcnkiIFZhbHVlPSJ3dyIgUmVjb3JkZWRWYWx1ZT0id3ciIENvcnJlbGF0aW9uQmluZGluZz0iIiBVcmxFbmNvZGU9IkZhbHNlIiBVc2VUb0dyb3VwUmVzdWx0cz0iRmFsc2UiIC8+DQogICAgICAgIDxRdWVyeVN0cmluZ1BhcmFtZXRlciBOYW1lPSJtYXh3aWR0aCIgVmFsdWU9IjMyNzY1IiBSZWNvcmRlZFZhbHVlPSIzMjc2NSIgQ29ycmVsYXRpb25CaW5kaW5nPSIiIFVybEVuY29kZT0iRmFsc2UiIFVzZVRvR3JvdXBSZXN1bHRzPSJGYWxzZSIgLz4NCiAgICAgICAgPFF1ZXJ5U3RyaW5nUGFyYW1ldGVyIE5hbWU9InJvd2hlaWdodCIgVmFsdWU9IjIwIiBSZWNvcmRlZFZhbHVlPSIyMCIgQ29ycmVsYXRpb25CaW5kaW5nPSIiIFVybEVuY29kZT0iRmFsc2UiIFVzZVRvR3JvdXBSZXN1bHRzPSJGYWxzZSIgLz4NCiAgICAgICAgPFF1ZXJ5U3RyaW5nUGFyYW1ldGVyIE5hbWU9InNlY3Rpb25IZWlnaHQiIFZhbHVlPSIxNjAiIFJlY29yZGVkVmFsdWU9IjE2MCIgQ29ycmVsYXRpb25CaW5kaW5nPSIiIFVybEVuY29kZT0iRmFsc2UiIFVzZVRvR3JvdXBSZXN1bHRzPSJGYWxzZSIgLz4NCiAgICAgICAgPFF1ZXJ5U3RyaW5nUGFyYW1ldGVyIE5hbWU9IkZPUk0iIFZhbHVlPSJJRVNTNEEiIFJlY29yZGVkVmFsdWU9IklFU1M0QSIgQ29ycmVsYXRpb25CaW5kaW5nPSIiIFVybEVuY29kZT0iRmFsc2UiIFVzZVRvR3JvdXBSZXN1bHRzPSJGYWxzZSIgLz4NCiAgICAgICAgPFF1ZXJ5U3RyaW5nUGFyYW1ldGVyIE5hbWU9Im1hcmtldCIgVmFsdWU9ImVuLVVTIiBSZWNvcmRlZFZhbHVlPSJlbi1VUyIgQ29ycmVsYXRpb25CaW5kaW5nPSIiIFVybEVuY29kZT0iRmFsc2UiIFVzZVRvR3JvdXBSZXN1bHRzPSJGYWxzZSIgLz4NCiAgICAgICAgPFF1ZXJ5U3RyaW5nUGFyYW1ldGVyIE5hbWU9InBjIiBWYWx1ZT0iRVVQUF8iIFJlY29yZGVkVmFsdWU9IkVVUFBfIiBDb3JyZWxhdGlvbkJpbmRpbmc9IiIgVXJsRW5jb2RlPSJGYWxzZSIgVXNlVG9Hcm91cFJlc3VsdHM9IkZhbHNlIiAvPg0KICAgICAgPC9RdWVyeVN0cmluZ1BhcmFtZXRlcnM+DQogICAgPC9SZXF1ZXN0Pg0KICAgIDxSZXF1ZXN0IE1ldGhvZD0iR0VUIiBHdWlkPSJjZDNhYzExOC1lMzZlLTQyZDItOGNiNC1hOTcyNjI2ODM4NjMiIFZlcnNpb249IjEuMSIgVXJsPSJodHRwOi8vYXBpLmJpbmcuY29tL3FzbWwuYXNweCIgVGhpbmtUaW1lPSIzIiBUaW1lb3V0PSIzMDAiIFBhcnNlRGVwZW5kZW50UmVxdWVzdHM9IlRydWUiIEZvbGxvd1JlZGlyZWN0cz0iVHJ1ZSIgUmVjb3JkUmVzdWx0PSJUcnVlIiBDYWNoZT0iRmFsc2UiIFJlc3BvbnNlVGltZUdvYWw9IjAiIEVuY29kaW5nPSJ1dGYtOCIgRXhwZWN0ZWRIdHRwU3RhdHVzQ29kZT0iMCIgRXhwZWN0ZWRSZXNwb25zZVVybD0iaHR0cHM6Ly9hcGkuYmluZy5jb20vcXNtbC5hc3B4P3F1ZXJ5PXd3dyZhbXA7bWF4d2lkdGg9MzI3NjUmYW1wO3Jvd2hlaWdodD0yMCZhbXA7c2VjdGlvbkhlaWdodD0xNjAmYW1wO0ZPUk09SUVTUzRBJmFtcDttYXJrZXQ9ZW4tVVMmYW1wO3BjPUVVUFBfIiBSZXBvcnRpbmdOYW1lPSIiIElnbm9yZUh0dHBTdGF0dXNDb2RlPSJGYWxzZSI+DQogICAgICA8UXVlcnlTdHJpbmdQYXJhbWV0ZXJzPg0KICAgICAgICA8UXVlcnlTdHJpbmdQYXJhbWV0ZXIgTmFtZT0icXVlcnkiIFZhbHVlPSJ3d3ciIFJlY29yZGVkVmFsdWU9Ind3dyIgQ29ycmVsYXRpb25CaW5kaW5nPSIiIFVybEVuY29kZT0iRmFsc2UiIFVzZVRvR3JvdXBSZXN1bHRzPSJGYWxzZSIgLz4NCiAgICAgICAgPFF1ZXJ5U3RyaW5nUGFyYW1ldGVyIE5hbWU9Im1heHdpZHRoIiBWYWx1ZT0iMzI3NjUiIFJlY29yZGVkVmFsdWU9IjMyNzY1IiBDb3JyZWxhdGlvbkJpbmRpbmc9IiIgVXJsRW5jb2RlPSJGYWxzZSIgVXNlVG9Hcm91cFJlc3VsdHM9IkZhbHNlIiAvPg0KICAgICAgICA8UXVlcnlTdHJpbmdQYXJhbWV0ZXIgTmFtZT0icm93aGVpZ2h0IiBWYWx1ZT0iMjAiIFJlY29yZGVkVmFsdWU9IjIwIiBDb3JyZWxhdGlvbkJpbmRpbmc9IiIgVXJsRW5jb2RlPSJGYWxzZSIgVXNlVG9Hcm91cFJlc3VsdHM9IkZhbHNlIiAvPg0KICAgICAgICA8UXVlcnlTdHJpbmdQYXJhbWV0ZXIgTmFtZT0ic2VjdGlvbkhlaWdodCIgVmFsdWU9IjE2MCIgUmVjb3JkZWRWYWx1ZT0iMTYwIiBDb3JyZWxhdGlvbkJpbmRpbmc9IiIgVXJsRW5jb2RlPSJGYWxzZSIgVXNlVG9Hcm91cFJlc3VsdHM9IkZhbHNlIiAvPg0KICAgICAgICA8UXVlcnlTdHJpbmdQYXJhbWV0ZXIgTmFtZT0iRk9STSIgVmFsdWU9IklFU1M0QSIgUmVjb3JkZWRWYWx1ZT0iSUVTUzRBIiBDb3JyZWxhdGlvbkJpbmRpbmc9IiIgVXJsRW5jb2RlPSJGYWxzZSIgVXNlVG9Hcm91cFJlc3VsdHM9IkZhbHNlIiAvPg0KICAgICAgICA8UXVlcnlTdHJpbmdQYXJhbWV0ZXIgTmFtZT0ibWFya2V0IiBWYWx1ZT0iZW4tVVMiIFJlY29yZGVkVmFsdWU9ImVuLVVTIiBDb3JyZWxhdGlvbkJpbmRpbmc9IiIgVXJsRW5jb2RlPSJGYWxzZSIgVXNlVG9Hcm91cFJlc3VsdHM9IkZhbHNlIiAvPg0KICAgICAgICA8UXVlcnlTdHJpbmdQYXJhbWV0ZXIgTmFtZT0icGMiIFZhbHVlPSJFVVBQXyIgUmVjb3JkZWRWYWx1ZT0iRVVQUF8iIENvcnJlbGF0aW9uQmluZGluZz0iIiBVcmxFbmNvZGU9IkZhbHNlIiBVc2VUb0dyb3VwUmVzdWx0cz0iRmFsc2UiIC8+DQogICAgICA8L1F1ZXJ5U3RyaW5nUGFyYW1ldGVycz4NCiAgICA8L1JlcXVlc3Q+DQogICAgPFJlcXVlc3QgTWV0aG9kPSJHRVQiIEd1aWQ9IjBmYTZlNTEzLTU5ZWUtNDIxZi1iMjYwLTNmOTY0NWNlYmQ1NyIgVmVyc2lvbj0iMS4xIiBVcmw9Imh0dHA6Ly93d3cuYmluZy5jb20vc2VhcmNoIiBUaGlua1RpbWU9IjAiIFRpbWVvdXQ9IjMwMCIgUGFyc2VEZXBlbmRlbnRSZXF1ZXN0cz0iVHJ1ZSIgRm9sbG93UmVkaXJlY3RzPSJUcnVlIiBSZWNvcmRSZXN1bHQ9IlRydWUiIENhY2hlPSJGYWxzZSIgUmVzcG9uc2VUaW1lR29hbD0iMCIgRW5jb2Rpbmc9InV0Zi04IiBFeHBlY3RlZEh0dHBTdGF0dXNDb2RlPSIwIiBFeHBlY3RlZFJlc3BvbnNlVXJsPSJodHRwczovL3R3aXR0ZXIuY29tL3NlYXJjaD9xPVRlc3QmYW1wO3JlZl9zcmM9dHdzcmMlNUVnb29nbGUlN0N0d2NhbXAlNUVzZXJwJTdDdHdnciU1RXNlYXJjaCIgUmVwb3J0aW5nTmFtZT0iIiBJZ25vcmVIdHRwU3RhdHVzQ29kZT0iRmFsc2UiPg0KICAgICAgPENvcnJlbGF0aW9uRXh0cmFjdGlvblJ1bGVzPg0KICAgICAgICA8RXh0cmFjdGlvblJ1bGUgQ2xhc3NuYW1lPSJNaWNyb3NvZnQuVmlzdWFsU3R1ZGlvLlRlc3RUb29scy5XZWJUZXN0aW5nLlJ1bGVzLkV4dHJhY3RUZXh0LCBNaWNyb3NvZnQuVmlzdWFsU3R1ZGlvLlF1YWxpdHlUb29scy5XZWJUZXN0RnJhbWV3b3JrLCBWZXJzaW9uPTEwLjAuMC4wLCBDdWx0dXJlPW5ldXRyYWwsIFB1YmxpY0tleVRva2VuPWIwM2Y1ZjdmMTFkNTBhM2EiIFZhcmlhYmxlTmFtZT0iUXVlcnlTdHJpbmdQYXJhbTE2LklHIiBEaXNwbGF5TmFtZT0iIiBEZXNjcmlwdGlvbj0iIj4NCiAgICAgICAgICA8UnVsZVBhcmFtZXRlcnM+DQogICAgICAgICAgICA8UnVsZVBhcmFtZXRlciBOYW1lPSJTdGFydHNXaXRoIiBWYWx1ZT0iJmFtcDthbXA7SUc9IiAvPg0KICAgICAgICAgICAgPFJ1bGVQYXJhbWV0ZXIgTmFtZT0iRW5kc1dpdGgiIFZhbHVlPSImYW1wOyIgLz4NCiAgICAgICAgICAgIDxSdWxlUGFyYW1ldGVyIE5hbWU9IkluZGV4IiBWYWx1ZT0iMCIgLz4NCiAgICAgICAgICAgIDxSdWxlUGFyYW1ldGVyIE5hbWU9Iklnbm9yZUNhc2UiIFZhbHVlPSJGYWxzZSIgLz4NCiAgICAgICAgICAgIDxSdWxlUGFyYW1ldGVyIE5hbWU9IlVzZVJlZ3VsYXJFeHByZXNzaW9uIiBWYWx1ZT0iRmFsc2UiIC8+DQogICAgICAgICAgICA8UnVsZVBhcmFtZXRlciBOYW1lPSJIdG1sRGVjb2RlIiBWYWx1ZT0iVHJ1ZSIgLz4NCiAgICAgICAgICAgIDxSdWxlUGFyYW1ldGVyIE5hbWU9IlJlcXVpcmVkIiBWYWx1ZT0iRmFsc2UiIC8+DQogICAgICAgICAgPC9SdWxlUGFyYW1ldGVycz4NCiAgICAgICAgPC9FeHRyYWN0aW9uUnVsZT4NCiAgICAgICAgPEV4dHJhY3Rpb25SdWxlIENsYXNzbmFtZT0iTWljcm9zb2Z0LlZpc3VhbFN0dWRpby5UZXN0VG9vbHMuV2ViVGVzdGluZy5SdWxlcy5FeHRyYWN0VGV4dCwgTWljcm9zb2Z0LlZpc3VhbFN0dWRpby5RdWFsaXR5VG9vbHMuV2ViVGVzdEZyYW1ld29yaywgVmVyc2lvbj0xMC4wLjAuMCwgQ3VsdHVyZT1uZXV0cmFsLCBQdWJsaWNLZXlUb2tlbj1iMDNmNWY3ZjExZDUwYTNhIiBWYXJpYWJsZU5hbWU9IlF1ZXJ5U3RyaW5nUGFyYW0xNy5UeXBlIiBEaXNwbGF5TmFtZT0iIiBEZXNjcmlwdGlvbj0iIj4NCiAgICAgICAgICA8UnVsZVBhcmFtZXRlcnM+DQogICAgICAgICAgICA8UnVsZVBhcmFtZXRlciBOYW1lPSJTdGFydHNXaXRoIiBWYWx1ZT0iJmFtcDtUeXBlPSIgLz4NCiAgICAgICAgICAgIDxSdWxlUGFyYW1ldGVyIE5hbWU9IkVuZHNXaXRoIiBWYWx1ZT0iJmFtcDsiIC8+DQogICAgICAgICAgICA8UnVsZVBhcmFtZXRlciBOYW1lPSJJbmRleCIgVmFsdWU9IjMiIC8+DQogICAgICAgICAgICA8UnVsZVBhcmFtZXRlciBOYW1lPSJJZ25vcmVDYXNlIiBWYWx1ZT0iRmFsc2UiIC8+DQogICAgICAgICAgICA8UnVsZVBhcmFtZXRlciBOYW1lPSJVc2VSZWd1bGFyRXhwcmVzc2lvbiIgVmFsdWU9IkZhbHNlIiAvPg0KICAgICAgICAgICAgPFJ1bGVQYXJhbWV0ZXIgTmFtZT0iSHRtbERlY29kZSIgVmFsdWU9IlRydWUiIC8+DQogICAgICAgICAgICA8UnVsZVBhcmFtZXRlciBOYW1lPSJSZXF1aXJlZCIgVmFsdWU9IkZhbHNlIiAvPg0KICAgICAgICAgIDwvUnVsZVBhcmFtZXRlcnM+DQogICAgICAgIDwvRXh0cmFjdGlvblJ1bGU+DQogICAgICAgIDxFeHRyYWN0aW9uUnVsZSBDbGFzc25hbWU9Ik1pY3Jvc29mdC5WaXN1YWxTdHVkaW8uVGVzdFRvb2xzLldlYlRlc3RpbmcuUnVsZXMuRXh0cmFjdFRleHQsIE1pY3Jvc29mdC5WaXN1YWxTdHVkaW8uUXVhbGl0eVRvb2xzLldlYlRlc3RGcmFtZXdvcmssIFZlcnNpb249MTAuMC4wLjAsIEN1bHR1cmU9bmV1dHJhbCwgUHVibGljS2V5VG9rZW49YjAzZjVmN2YxMWQ1MGEzYSIgVmFyaWFibGVOYW1lPSJRdWVyeVN0cmluZ1BhcmFtMjcuSUciIERpc3BsYXlOYW1lPSIiIERlc2NyaXB0aW9uPSIiPg0KICAgICAgICAgIDxSdWxlUGFyYW1ldGVycz4NCiAgICAgICAgICAgIDxSdWxlUGFyYW1ldGVyIE5hbWU9IlN0YXJ0c1dpdGgiIFZhbHVlPSImYW1wO2FtcDtJRz0iIC8+DQogICAgICAgICAgICA8UnVsZVBhcmFtZXRlciBOYW1lPSJFbmRzV2l0aCIgVmFsdWU9IiZhbXA7IiAvPg0KICAgICAgICAgICAgPFJ1bGVQYXJhbWV0ZXIgTmFtZT0iSW5kZXgiIFZhbHVlPSIwIiAvPg0KICAgICAgICAgICAgPFJ1bGVQYXJhbWV0ZXIgTmFtZT0iSWdub3JlQ2FzZSIgVmFsdWU9IkZhbHNlIiAvPg0KICAgICAgICAgICAgPFJ1bGVQYXJhbWV0ZXIgTmFtZT0iVXNlUmVndWxhckV4cHJlc3Npb24iIFZhbHVlPSJGYWxzZSIgLz4NCiAgICAgICAgICAgIDxSdWxlUGFyYW1ldGVyIE5hbWU9Ikh0bWxEZWNvZGUiIFZhbHVlPSJUcnVlIiAvPg0KICAgICAgICAgICAgPFJ1bGVQYXJhbWV0ZXIgTmFtZT0iUmVxdWlyZWQiIFZhbHVlPSJGYWxzZSIgLz4NCiAgICAgICAgICA8L1J1bGVQYXJhbWV0ZXJzPg0KICAgICAgICA8L0V4dHJhY3Rpb25SdWxlPg0KICAgICAgICA8RXh0cmFjdGlvblJ1bGUgQ2xhc3NuYW1lPSJNaWNyb3NvZnQuVmlzdWFsU3R1ZGlvLlRlc3RUb29scy5XZWJUZXN0aW5nLlJ1bGVzLkV4dHJhY3RUZXh0LCBNaWNyb3NvZnQuVmlzdWFsU3R1ZGlvLlF1YWxpdHlUb29scy5XZWJUZXN0RnJhbWV3b3JrLCBWZXJzaW9uPTEwLjAuMC4wLCBDdWx0dXJlPW5ldXRyYWwsIFB1YmxpY0tleVRva2VuPWIwM2Y1ZjdmMTFkNTBhM2EiIFZhcmlhYmxlTmFtZT0iUXVlcnlTdHJpbmdQYXJhbTI4LlR5cGUiIERpc3BsYXlOYW1lPSIiIERlc2NyaXB0aW9uPSIiPg0KICAgICAgICAgIDxSdWxlUGFyYW1ldGVycz4NCiAgICAgICAgICAgIDxSdWxlUGFyYW1ldGVyIE5hbWU9IlN0YXJ0c1dpdGgiIFZhbHVlPSImYW1wO1R5cGU9IiAvPg0KICAgICAgICAgICAgPFJ1bGVQYXJhbWV0ZXIgTmFtZT0iRW5kc1dpdGgiIFZhbHVlPSImYW1wOyIgLz4NCiAgICAgICAgICAgIDxSdWxlUGFyYW1ldGVyIE5hbWU9IkluZGV4IiBWYWx1ZT0iNSIgLz4NCiAgICAgICAgICAgIDxSdWxlUGFyYW1ldGVyIE5hbWU9Iklnbm9yZUNhc2UiIFZhbHVlPSJGYWxzZSIgLz4NCiAgICAgICAgICAgIDxSdWxlUGFyYW1ldGVyIE5hbWU9IlVzZVJlZ3VsYXJFeHByZXNzaW9uIiBWYWx1ZT0iRmFsc2UiIC8+DQogICAgICAgICAgICA8UnVsZVBhcmFtZXRlciBOYW1lPSJIdG1sRGVjb2RlIiBWYWx1ZT0iVHJ1ZSIgLz4NCiAgICAgICAgICAgIDxSdWxlUGFyYW1ldGVyIE5hbWU9IlJlcXVpcmVkIiBWYWx1ZT0iRmFsc2UiIC8+DQogICAgICAgICAgPC9SdWxlUGFyYW1ldGVycz4NCiAgICAgICAgPC9FeHRyYWN0aW9uUnVsZT4NCiAgICAgIDwvQ29ycmVsYXRpb25FeHRyYWN0aW9uUnVsZXM+DQogICAgICA8UXVlcnlTdHJpbmdQYXJhbWV0ZXJzPg0KICAgICAgICA8UXVlcnlTdHJpbmdQYXJhbWV0ZXIgTmFtZT0icSIgVmFsdWU9Ind3dy5nb29nbGUuY29tIiBSZWNvcmRlZFZhbHVlPSJ3d3cuZ29vZ2xlLmNvbSIgQ29ycmVsYXRpb25CaW5kaW5nPSIiIFVybEVuY29kZT0iRmFsc2UiIFVzZVRvR3JvdXBSZXN1bHRzPSJGYWxzZSIgLz4NCiAgICAgICAgPFF1ZXJ5U3RyaW5nUGFyYW1ldGVyIE5hbWU9InNyYyIgVmFsdWU9IklFLVNlYXJjaEJveCIgUmVjb3JkZWRWYWx1ZT0iSUUtU2VhcmNoQm94IiBDb3JyZWxhdGlvbkJpbmRpbmc9IiIgVXJsRW5jb2RlPSJGYWxzZSIgVXNlVG9Hcm91cFJlc3VsdHM9IkZhbHNlIiAvPg0KICAgICAgICA8UXVlcnlTdHJpbmdQYXJhbWV0ZXIgTmFtZT0iRk9STSIgVmFsdWU9IklFU1I0QSIgUmVjb3JkZWRWYWx1ZT0iSUVTUjRBIiBDb3JyZWxhdGlvbkJpbmRpbmc9IiIgVXJsRW5jb2RlPSJGYWxzZSIgVXNlVG9Hcm91cFJlc3VsdHM9IkZhbHNlIiAvPg0KICAgICAgICA8UXVlcnlTdHJpbmdQYXJhbWV0ZXIgTmFtZT0icGMiIFZhbHVlPSJFVVBQXyIgUmVjb3JkZWRWYWx1ZT0iRVVQUF8iIENvcnJlbGF0aW9uQmluZGluZz0iIiBVcmxFbmNvZGU9IkZhbHNlIiBVc2VUb0dyb3VwUmVzdWx0cz0iRmFsc2UiIC8+DQogICAgICA8L1F1ZXJ5U3RyaW5nUGFyYW1ldGVycz4NCiAgICA8L1JlcXVlc3Q+DQogICAgPFJlcXVlc3QgTWV0aG9kPSJQT1NUIiBHdWlkPSIxMmVjNjI3Ni00ZWQ5LTQ0OWUtYmIyNS1iNTQyMjUzYjUyZTYiIFZlcnNpb249IjEuMSIgVXJsPSJodHRwczovL3R3aXR0ZXIuY29tL2kvam90IiBUaGlua1RpbWU9IjAiIFRpbWVvdXQ9IjMwMCIgUGFyc2VEZXBlbmRlbnRSZXF1ZXN0cz0iVHJ1ZSIgRm9sbG93UmVkaXJlY3RzPSJUcnVlIiBSZWNvcmRSZXN1bHQ9IlRydWUiIENhY2hlPSJGYWxzZSIgUmVzcG9uc2VUaW1lR29hbD0iMCIgRW5jb2Rpbmc9InV0Zi04IiBFeHBlY3RlZEh0dHBTdGF0dXNDb2RlPSIwIiBFeHBlY3RlZFJlc3BvbnNlVXJsPSIiIFJlcG9ydGluZ05hbWU9IiIgSWdub3JlSHR0cFN0YXR1c0NvZGU9IkZhbHNlIj4NCiAgICAgIDxIZWFkZXJzPg0KICAgICAgICA8SGVhZGVyIE5hbWU9IkFjY2VwdCIgVmFsdWU9InRleHQvcGxhaW4sICovKjsgcT0wLjAxIiAvPg0KICAgICAgICA8SGVhZGVyIE5hbWU9IlgtUmVxdWVzdGVkLVdpdGgiIFZhbHVlPSJYTUxIdHRwUmVxdWVzdCIgLz4NCiAgICAgICAgPEhlYWRlciBOYW1lPSJSZWZlcmVyIiBWYWx1ZT0iaHR0cHM6Ly90d2l0dGVyLmNvbS9zZWFyY2g/cT1UZXN0JmFtcDtyZWZfc3JjPXR3c3JjJTVFZ29vZ2xlJTdDdHdjYW1wJTVFc2VycCU3Q3R3Z3IlNUVzZWFyY2giIC8+DQogICAgICA8L0hlYWRlcnM+DQogICAgICA8Rm9ybVBvc3RIdHRwQm9keT4NCiAgICAgICAgPEZvcm1Qb3N0UGFyYW1ldGVyIE5hbWU9ImxvZyIgVmFsdWU9Ilt7JnF1b3Q7aW50ZXJuYWxfcmVmZXJlciZxdW90OzpudWxsLCZxdW90O2NsaWVudF92ZXJzaW9uJnF1b3Q7OiZxdW90O21hY2F3LXN3aWZ0JnF1b3Q7LCZxdW90O3VzZXJfaWQmcXVvdDs6MCwmcXVvdDtzZWFyY2hfZGV0YWlscyZxdW90Ozp7JnF1b3Q7cXVlcnkmcXVvdDs6JnF1b3Q7VGVzdCZxdW90OywmcXVvdDtxdWVyeV9zb3VyY2UmcXVvdDs6JnF1b3Q7cmVmZ29vZ2xlJnF1b3Q7fSwmcXVvdDtldmVudF9uYW1lc3BhY2UmcXVvdDs6eyZxdW90O2NsaWVudCZxdW90OzomcXVvdDt3ZWImcXVvdDssJnF1b3Q7cGFnZSZxdW90OzomcXVvdDtzZWFyY2gmcXVvdDssJnF1b3Q7c2VjdGlvbiZxdW90OzomcXVvdDtkZWZhdWx0JnF1b3Q7LCZxdW90O2FjdGlvbiZxdW90OzomcXVvdDtzaG93JnF1b3Q7fSwmcXVvdDt0cmlnZ2VyZWRfb24mcXVvdDs6MTU0NjUzNzM1MzY5NSwmcXVvdDtmb3JtYXRfdmVyc2lvbiZxdW90OzoyLCZxdW90O19jYXRlZ29yeV8mcXVvdDs6JnF1b3Q7Y2xpZW50X2V2ZW50JnF1b3Q7fSx7JnF1b3Q7cHJvZHVjdCZxdW90OzomcXVvdDt3ZWJjbGllbnQmcXVvdDssJnF1b3Q7ZGVzY3JpcHRpb24mcXVvdDs6JnF1b3Q7c3RhdHM6YWpheDpwZXJmOnBhcnRuZXJfaWRfc3luYyZxdW90OywmcXVvdDtkdXJhdGlvbl9tcyZxdW90OzoxNzUwLCZxdW90O3N0YXJ0X3RpbWVfbXMmcXVvdDs6MTU0NjUzNzM1MzU2OCwmcXVvdDttZXRhZGF0YSZxdW90OzomcXVvdDt7XCZxdW90O3VybFwmcXVvdDs6XCZxdW90O2h0dHBzOi8vYW5hbHl0aWNzLnR3aXR0ZXIuY29tL3RwbS9wXCZxdW90OyxcJnF1b3Q7YnJvd3NlclwmcXVvdDs6e1wmcXVvdDttb3ppbGxhXCZxdW90Ozp0cnVlLFwmcXVvdDt2ZXJzaW9uXCZxdW90OzpcJnF1b3Q7MTEuMFwmcXVvdDssXCZxdW90O25hbWVcJnF1b3Q7OlwmcXVvdDttb3ppbGxhXCZxdW90O30sXCZxdW90O3Jlc3BvbnNlX3NpemVcJnF1b3Q7OjEzMH0mcXVvdDssJnF1b3Q7X2NhdGVnb3J5XyZxdW90OzomcXVvdDtwZXJmdG93biZxdW90O30seyZxdW90O2ludGVybmFsX3JlZmVyZXImcXVvdDs6bnVsbCwmcXVvdDtjbGllbnRfdmVyc2lvbiZxdW90OzomcXVvdDttYWNhdy1zd2lmdCZxdW90OywmcXVvdDt1c2VyX2lkJnF1b3Q7OjAsJnF1b3Q7c2VhcmNoX2RldGFpbHMmcXVvdDs6eyZxdW90O3F1ZXJ5JnF1b3Q7OiZxdW90O1Rlc3QmcXVvdDssJnF1b3Q7cXVlcnlfc291cmNlJnF1b3Q7OiZxdW90O3JlZmdvb2dsZSZxdW90O30sJnF1b3Q7d29laWQmcXVvdDs6MSwmcXVvdDtyZWZlcnJpbmdfZXZlbnQmcXVvdDs6JnF1b3Q7aW5pdGlhbCZxdW90OywmcXVvdDtpdGVtcyZxdW90OzpbeyZxdW90O25hbWUmcXVvdDs6JnF1b3Q7I1TDvHJrbGVyR2VsaXlvciZxdW90OywmcXVvdDtpdGVtX3R5cGUmcXVvdDs6OCwmcXVvdDtpdGVtX3F1ZXJ5JnF1b3Q7OiZxdW90OyNUw7xya2xlckdlbGl5b3ImcXVvdDssJnF1b3Q7cG9zaXRpb24mcXVvdDs6MCwmcXVvdDt0b2tlbiZxdW90OzomcXVvdDs6bG9jYXRpb25fcmVxdWVzdDpoYXNodGFnX3RyZW5kOnRheGlfd29ybGR3aWRlX3NvdXJjZTomcXVvdDssJnF1b3Q7aWQmcXVvdDs6JnF1b3Q7NzQwMjM2NTc3OTU4MTU3MjIzNCZxdW90O30seyZxdW90O25hbWUmcXVvdDs6JnF1b3Q7I0fDtsOndMO8a1NldmRhZGFuJnF1b3Q7LCZxdW90O2l0ZW1fdHlwZSZxdW90Ozo4LCZxdW90O2l0ZW1fcXVlcnkmcXVvdDs6JnF1b3Q7I0fDtsOndMO8a1NldmRhZGFuJnF1b3Q7LCZxdW90O3Bvc2l0aW9uJnF1b3Q7OjEsJnF1b3Q7dG9rZW4mcXVvdDs6JnF1b3Q7OmxvY2F0aW9uX3JlcXVlc3Q6aGFzaHRhZ190cmVuZDp0YXhpX3dvcmxkd2lkZV9zb3VyY2U6JnF1b3Q7LCZxdW90O2lkJnF1b3Q7OiZxdW90Ozc0MDIzNjU3Nzk1ODE1NzIyMzQmcXVvdDt9LHsmcXVvdDtuYW1lJnF1b3Q7OiZxdW90OyMxMTZ0aENvbmdyZXNzJnF1b3Q7LCZxdW90O2l0ZW1fdHlwZSZxdW90Ozo4LCZxdW90O2l0ZW1fcXVlcnkmcXVvdDs6JnF1b3Q7IzExNnRoQ29uZ3Jlc3MmcXVvdDssJnF1b3Q7cG9zaXRpb24mcXVvdDs6MiwmcXVvdDt0b2tlbiZxdW90OzomcXVvdDs6bG9jYXRpb25fcmVxdWVzdDpoYXNodGFnX3RyZW5kOnRheGlfd29ybGR3aWRlX3NvdXJjZTp0d2VldF9jb3VudF8xMDAwMF8xMDAwMDBfbWV0YWRlc2NyaXB0aW9uOiZxdW90OywmcXVvdDtpZCZxdW90OzomcXVvdDs3NDAyMzY1Nzc5NTgxNTcyMjM0JnF1b3Q7fSx7JnF1b3Q7bmFtZSZxdW90OzomcXVvdDsjTWV6aXRsaXllR2Vuw6dCYcWfa2FuJnF1b3Q7LCZxdW90O2l0ZW1fdHlwZSZxdW90Ozo4LCZxdW90O2l0ZW1fcXVlcnkmcXVvdDs6JnF1b3Q7I01leml0bGl5ZUdlbsOnQmHFn2thbiZxdW90OywmcXVvdDtwb3NpdGlvbiZxdW90OzozLCZxdW90O3Rva2VuJnF1b3Q7OiZxdW90Ozpsb2NhdGlvbl9yZXF1ZXN0Omhhc2h0YWdfdHJlbmQ6dGF4aV93b3JsZHdpZGVfc291cmNlOiZxdW90OywmcXVvdDtpZCZxdW90OzomcXVvdDs3NDAyMzY1Nzc5NTgxNTcyMjM0JnF1b3Q7fSx7JnF1b3Q7bmFtZSZxdW90OzomcXVvdDsjT2R5b21ldHJpc3RsZXJlMkJpbkFsxLFtJnF1b3Q7LCZxdW90O2l0ZW1fdHlwZSZxdW90Ozo4LCZxdW90O2l0ZW1fcXVlcnkmcXVvdDs6JnF1b3Q7I09keW9tZXRyaXN0bGVyZTJCaW5BbMSxbSZxdW90OywmcXVvdDtwb3NpdGlvbiZxdW90Ozo0LCZxdW90O3Rva2VuJnF1b3Q7OiZxdW90Ozpsb2NhdGlvbl9yZXF1ZXN0Omhhc2h0YWdfdHJlbmQ6dGF4aV93b3JsZHdpZGVfc291cmNlOnR3ZWV0X2NvdW50XzEwMDBfMTAwMDBfbWV0YWRlc2NyaXB0aW9uOiZxdW90OywmcXVvdDtpZCZxdW90OzomcXVvdDs3NDAyMzY1Nzc5NTgxNTcyMjM0JnF1b3Q7fSx7JnF1b3Q7bmFtZSZxdW90OzomcXVvdDtEZWZvZSZxdW90OywmcXVvdDtpdGVtX3R5cGUmcXVvdDs6OCwmcXVvdDtpdGVtX3F1ZXJ5JnF1b3Q7OiZxdW90O0RlZm9lJnF1b3Q7LCZxdW90O3Bvc2l0aW9uJnF1b3Q7OjUsJnF1b3Q7dG9rZW4mcXVvdDs6JnF1b3Q7OmxvY2F0aW9uX3JlcXVlc3Q6ZW50aXR5X3RyZW5kOnRheGlfd29ybGR3aWRlX3NvdXJjZTp0d2VldF9jb3VudF8xMDAwMF8xMDAwMDBfbWV0YWRlc2NyaXB0aW9uOiZxdW90OywmcXVvdDtpZCZxdW90OzomcXVvdDs3NDAyMzY1Nzc5NTgxNTcyMjM0JnF1b3Q7fSx7JnF1b3Q7bmFtZSZxdW90OzomcXVvdDvjg5Djg7Pjg4njg6omcXVvdDssJnF1b3Q7aXRlbV90eXBlJnF1b3Q7OjgsJnF1b3Q7aXRlbV9xdWVyeSZxdW90OzomcXVvdDvjg5Djg7Pjg4njg6omcXVvdDssJnF1b3Q7cG9zaXRpb24mcXVvdDs6NiwmcXVvdDt0b2tlbiZxdW90OzomcXVvdDs6bG9jYXRpb25fcmVxdWVzdDplbnRpdHlfdHJlbmQ6dGF4aV93b3JsZHdpZGVfc291cmNlOnR3ZWV0X2NvdW50XzEwMDAwMF8xMDAwMDAwX21ldGFkZXNjcmlwdGlvbjomcXVvdDssJnF1b3Q7aWQmcXVvdDs6JnF1b3Q7NzQwMjM2NTc3OTU4MTU3MjIzNCZxdW90O30seyZxdW90O25hbWUmcXVvdDs6JnF1b3Q7QnVybmEmcXVvdDssJnF1b3Q7aXRlbV90eXBlJnF1b3Q7OjgsJnF1b3Q7aXRlbV9xdWVyeSZxdW90OzomcXVvdDtCdXJuYSZxdW90OywmcXVvdDtwb3NpdGlvbiZxdW90Ozo3LCZxdW90O3Rva2VuJnF1b3Q7OiZxdW90Ozpsb2NhdGlvbl9yZXF1ZXN0OmVudGl0eV90cmVuZDp0YXhpX3dvcmxkd2lkZV9zb3VyY2U6dHdlZXRfY291bnRfMTAwMDBfMTAwMDAwX21ldGFkZXNjcmlwdGlvbjomcXVvdDssJnF1b3Q7aWQmcXVvdDs6JnF1b3Q7NzQwMjM2NTc3OTU4MTU3MjIzNCZxdW90O30seyZxdW90O25hbWUmcXVvdDs6JnF1b3Q7TmFuY3kgUGVsb3NpJnF1b3Q7LCZxdW90O2l0ZW1fdHlwZSZxdW90Ozo4LCZxdW90O2l0ZW1fcXVlcnkmcXVvdDs6JnF1b3Q7TmFuY3kgUGVsb3NpJnF1b3Q7LCZxdW90O3Bvc2l0aW9uJnF1b3Q7OjgsJnF1b3Q7dG9rZW4mcXVvdDs6JnF1b3Q7OmxvY2F0aW9uX3JlcXVlc3Q6ZW50aXR5X3RyZW5kOnRheGlfd29ybGR3aWRlX3NvdXJjZTp0d2VldF9jb3VudF8xMDAwMDBfMTAwMDAwMF9tZXRhZGVzY3JpcHRpb246JnF1b3Q7LCZxdW90O2lkJnF1b3Q7OiZxdW90Ozc0MDIzNjU3Nzk1ODE1NzIyMzQmcXVvdDt9LHsmcXVvdDtuYW1lJnF1b3Q7OiZxdW90O+Wcn+mWgOOBleOCkyZxdW90OywmcXVvdDtpdGVtX3R5cGUmcXVvdDs6OCwmcXVvdDtpdGVtX3F1ZXJ5JnF1b3Q7OiZxdW90O+Wcn+mWgOOBleOCkyZxdW90OywmcXVvdDtwb3NpdGlvbiZxdW90Ozo5LCZxdW90O3Rva2VuJnF1b3Q7OiZxdW90Ozpsb2NhdGlvbl9yZXF1ZXN0OmVudGl0eV90cmVuZDp0YXhpX3dvcmxkd2lkZV9zb3VyY2U6dHdlZXRfY291bnRfMTAwMDBfMTAwMDAwX21ldGFkZXNjcmlwdGlvbjomcXVvdDssJnF1b3Q7aWQmcXVvdDs6JnF1b3Q7NzQwMjM2NTc3OTU4MTU3MjIzNCZxdW90O31dLCZxdW90O2V2ZW50X25hbWVzcGFjZSZxdW90Ozp7JnF1b3Q7Y2xpZW50JnF1b3Q7OiZxdW90O3dlYiZxdW90OywmcXVvdDtwYWdlJnF1b3Q7OiZxdW90O3NlYXJjaCZxdW90OywmcXVvdDtzZWN0aW9uJnF1b3Q7OiZxdW90O2RlZmF1bHQmcXVvdDssJnF1b3Q7Y29tcG9uZW50JnF1b3Q7OiZxdW90O3RyZW5kcyZxdW90OywmcXVvdDtlbGVtZW50JnF1b3Q7OiZxdW90O2luaXRpYWwmcXVvdDssJnF1b3Q7YWN0aW9uJnF1b3Q7OiZxdW90O3Jlc3VsdHMmcXVvdDt9LCZxdW90O3RyaWdnZXJlZF9vbiZxdW90OzoxNTQ2NTM3MzU0MjcyLCZxdW90O2Zvcm1hdF92ZXJzaW9uJnF1b3Q7OjIsJnF1b3Q7X2NhdGVnb3J5XyZxdW90OzomcXVvdDtjbGllbnRfZXZlbnQmcXVvdDt9LHsmcXVvdDtpbnRlcm5hbF9yZWZlcmVyJnF1b3Q7Om51bGwsJnF1b3Q7Y2xpZW50X3ZlcnNpb24mcXVvdDs6JnF1b3Q7bWFjYXctc3dpZnQmcXVvdDssJnF1b3Q7dXNlcl9pZCZxdW90OzowLCZxdW90O3NlYXJjaF9kZXRhaWxzJnF1b3Q7OnsmcXVvdDtxdWVyeSZxdW90OzomcXVvdDtUZXN0JnF1b3Q7LCZxdW90O3F1ZXJ5X3NvdXJjZSZxdW90OzomcXVvdDtyZWZnb29nbGUmcXVvdDt9LCZxdW90O3dvZWlkJnF1b3Q7OjEsJnF1b3Q7ZXZlbnRfbmFtZXNwYWNlJnF1b3Q7OnsmcXVvdDtjbGllbnQmcXVvdDs6JnF1b3Q7d2ViJnF1b3Q7LCZxdW90O3BhZ2UmcXVvdDs6JnF1b3Q7c2VhcmNoJnF1b3Q7LCZxdW90O3NlY3Rpb24mcXVvdDs6JnF1b3Q7ZGVmYXVsdCZxdW90OywmcXVvdDtjb21wb25lbnQmcXVvdDs6JnF1b3Q7dHJlbmRzJnF1b3Q7LCZxdW90O2FjdGlvbiZxdW90OzomcXVvdDtpbXByZXNzaW9uJnF1b3Q7fSwmcXVvdDt0cmlnZ2VyZWRfb24mcXVvdDs6MTU0NjUzNzM1NDI3MiwmcXVvdDtmb3JtYXRfdmVyc2lvbiZxdW90OzoyLCZxdW90O19jYXRlZ29yeV8mcXVvdDs6JnF1b3Q7Y2xpZW50X2V2ZW50JnF1b3Q7fSx7JnF1b3Q7cHJvZHVjdCZxdW90OzomcXVvdDt3ZWJjbGllbnQmcXVvdDssJnF1b3Q7ZGVzY3JpcHRpb24mcXVvdDs6JnF1b3Q7c3RhdHM6YWpheDpwZXJmOnBhcnRuZXJfaWRfc3luYzpkb3VibGVjbGljayZxdW90OywmcXVvdDtkdXJhdGlvbl9tcyZxdW90Ozo3NjcsJnF1b3Q7c3RhcnRfdGltZV9tcyZxdW90OzoxNTQ2NTM3MzUzNTY4LCZxdW90O21ldGFkYXRhJnF1b3Q7OiZxdW90O3tcJnF1b3Q7dXJsXCZxdW90OzpcJnF1b3Q7aHR0cHM6Ly9jbS5nLmRvdWJsZWNsaWNrLm5ldC9waXhlbD9nb29nbGVfbmlkPXR3aXR0ZXJfZGJtJmFtcDtnb29nbGVfY21cJnF1b3Q7LFwmcXVvdDticm93c2VyXCZxdW90Ozp7XCZxdW90O21vemlsbGFcJnF1b3Q7OnRydWUsXCZxdW90O3ZlcnNpb25cJnF1b3Q7OlwmcXVvdDsxMS4wXCZxdW90OyxcJnF1b3Q7bmFtZVwmcXVvdDs6XCZxdW90O21vemlsbGFcJnF1b3Q7fX0mcXVvdDssJnF1b3Q7X2NhdGVnb3J5XyZxdW90OzomcXVvdDtwZXJmdG93biZxdW90O31dIiBSZWNvcmRlZFZhbHVlPSJbeyZxdW90O2ludGVybmFsX3JlZmVyZXImcXVvdDs6bnVsbCwmcXVvdDtjbGllbnRfdmVyc2lvbiZxdW90OzomcXVvdDttYWNhdy1zd2lmdCZxdW90OywmcXVvdDt1c2VyX2lkJnF1b3Q7OjAsJnF1b3Q7c2VhcmNoX2RldGFpbHMmcXVvdDs6eyZxdW90O3F1ZXJ5JnF1b3Q7OiZxdW90O1Rlc3QmcXVvdDssJnF1b3Q7cXVlcnlfc291cmNlJnF1b3Q7OiZxdW90O3JlZmdvb2dsZSZxdW90O30sJnF1b3Q7ZXZlbnRfbmFtZXNwYWNlJnF1b3Q7OnsmcXVvdDtjbGllbnQmcXVvdDs6JnF1b3Q7d2ViJnF1b3Q7LCZxdW90O3BhZ2UmcXVvdDs6JnF1b3Q7c2VhcmNoJnF1b3Q7LCZxdW90O3NlY3Rpb24mcXVvdDs6JnF1b3Q7ZGVmYXVsdCZxdW90OywmcXVvdDthY3Rpb24mcXVvdDs6JnF1b3Q7c2hvdyZxdW90O30sJnF1b3Q7dHJpZ2dlcmVkX29uJnF1b3Q7OjE1NDY1MzczNTM2OTUsJnF1b3Q7Zm9ybWF0X3ZlcnNpb24mcXVvdDs6MiwmcXVvdDtfY2F0ZWdvcnlfJnF1b3Q7OiZxdW90O2NsaWVudF9ldmVudCZxdW90O30seyZxdW90O3Byb2R1Y3QmcXVvdDs6JnF1b3Q7d2ViY2xpZW50JnF1b3Q7LCZxdW90O2Rlc2NyaXB0aW9uJnF1b3Q7OiZxdW90O3N0YXRzOmFqYXg6cGVyZjpwYXJ0bmVyX2lkX3N5bmMmcXVvdDssJnF1b3Q7ZHVyYXRpb25fbXMmcXVvdDs6MTc1MCwmcXVvdDtzdGFydF90aW1lX21zJnF1b3Q7OjE1NDY1MzczNTM1NjgsJnF1b3Q7bWV0YWRhdGEmcXVvdDs6JnF1b3Q7e1wmcXVvdDt1cmxcJnF1b3Q7OlwmcXVvdDtodHRwczovL2FuYWx5dGljcy50d2l0dGVyLmNvbS90cG0vcFwmcXVvdDssXCZxdW90O2Jyb3dzZXJcJnF1b3Q7OntcJnF1b3Q7bW96aWxsYVwmcXVvdDs6dHJ1ZSxcJnF1b3Q7dmVyc2lvblwmcXVvdDs6XCZxdW90OzExLjBcJnF1b3Q7LFwmcXVvdDtuYW1lXCZxdW90OzpcJnF1b3Q7bW96aWxsYVwmcXVvdDt9LFwmcXVvdDtyZXNwb25zZV9zaXplXCZxdW90OzoxMzB9JnF1b3Q7LCZxdW90O19jYXRlZ29yeV8mcXVvdDs6JnF1b3Q7cGVyZnRvd24mcXVvdDt9LHsmcXVvdDtpbnRlcm5hbF9yZWZlcmVyJnF1b3Q7Om51bGwsJnF1b3Q7Y2xpZW50X3ZlcnNpb24mcXVvdDs6JnF1b3Q7bWFjYXctc3dpZnQmcXVvdDssJnF1b3Q7dXNlcl9pZCZxdW90OzowLCZxdW90O3NlYXJjaF9kZXRhaWxzJnF1b3Q7OnsmcXVvdDtxdWVyeSZxdW90OzomcXVvdDtUZXN0JnF1b3Q7LCZxdW90O3F1ZXJ5X3NvdXJjZSZxdW90OzomcXVvdDtyZWZnb29nbGUmcXVvdDt9LCZxdW90O3dvZWlkJnF1b3Q7OjEsJnF1b3Q7cmVmZXJyaW5nX2V2ZW50JnF1b3Q7OiZxdW90O2luaXRpYWwmcXVvdDssJnF1b3Q7aXRlbXMmcXVvdDs6W3smcXVvdDtuYW1lJnF1b3Q7OiZxdW90OyNUw7xya2xlckdlbGl5b3ImcXVvdDssJnF1b3Q7aXRlbV90eXBlJnF1b3Q7OjgsJnF1b3Q7aXRlbV9xdWVyeSZxdW90OzomcXVvdDsjVMO8cmtsZXJHZWxpeW9yJnF1b3Q7LCZxdW90O3Bvc2l0aW9uJnF1b3Q7OjAsJnF1b3Q7dG9rZW4mcXVvdDs6JnF1b3Q7OmxvY2F0aW9uX3JlcXVlc3Q6aGFzaHRhZ190cmVuZDp0YXhpX3dvcmxkd2lkZV9zb3VyY2U6JnF1b3Q7LCZxdW90O2lkJnF1b3Q7OiZxdW90Ozc0MDIzNjU3Nzk1ODE1NzIyMzQmcXVvdDt9LHsmcXVvdDtuYW1lJnF1b3Q7OiZxdW90OyNHw7bDp3TDvGtTZXZkYWRhbiZxdW90OywmcXVvdDtpdGVtX3R5cGUmcXVvdDs6OCwmcXVvdDtpdGVtX3F1ZXJ5JnF1b3Q7OiZxdW90OyNHw7bDp3TDvGtTZXZkYWRhbiZxdW90OywmcXVvdDtwb3NpdGlvbiZxdW90OzoxLCZxdW90O3Rva2VuJnF1b3Q7OiZxdW90Ozpsb2NhdGlvbl9yZXF1ZXN0Omhhc2h0YWdfdHJlbmQ6dGF4aV93b3JsZHdpZGVfc291cmNlOiZxdW90OywmcXVvdDtpZCZxdW90OzomcXVvdDs3NDAyMzY1Nzc5NTgxNTcyMjM0JnF1b3Q7fSx7JnF1b3Q7bmFtZSZxdW90OzomcXVvdDsjMTE2dGhDb25ncmVzcyZxdW90OywmcXVvdDtpdGVtX3R5cGUmcXVvdDs6OCwmcXVvdDtpdGVtX3F1ZXJ5JnF1b3Q7OiZxdW90OyMxMTZ0aENvbmdyZXNzJnF1b3Q7LCZxdW90O3Bvc2l0aW9uJnF1b3Q7OjIsJnF1b3Q7dG9rZW4mcXVvdDs6JnF1b3Q7OmxvY2F0aW9uX3JlcXVlc3Q6aGFzaHRhZ190cmVuZDp0YXhpX3dvcmxkd2lkZV9zb3VyY2U6dHdlZXRfY291bnRfMTAwMDBfMTAwMDAwX21ldGFkZXNjcmlwdGlvbjomcXVvdDssJnF1b3Q7aWQmcXVvdDs6JnF1b3Q7NzQwMjM2NTc3OTU4MTU3MjIzNCZxdW90O30seyZxdW90O25hbWUmcXVvdDs6JnF1b3Q7I01leml0bGl5ZUdlbsOnQmHFn2thbiZxdW90OywmcXVvdDtpdGVtX3R5cGUmcXVvdDs6OCwmcXVvdDtpdGVtX3F1ZXJ5JnF1b3Q7OiZxdW90OyNNZXppdGxpeWVHZW7Dp0JhxZ9rYW4mcXVvdDssJnF1b3Q7cG9zaXRpb24mcXVvdDs6MywmcXVvdDt0b2tlbiZxdW90OzomcXVvdDs6bG9jYXRpb25fcmVxdWVzdDpoYXNodGFnX3RyZW5kOnRheGlfd29ybGR3aWRlX3NvdXJjZTomcXVvdDssJnF1b3Q7aWQmcXVvdDs6JnF1b3Q7NzQwMjM2NTc3OTU4MTU3MjIzNCZxdW90O30seyZxdW90O25hbWUmcXVvdDs6JnF1b3Q7I09keW9tZXRyaXN0bGVyZTJCaW5BbMSxbSZxdW90OywmcXVvdDtpdGVtX3R5cGUmcXVvdDs6OCwmcXVvdDtpdGVtX3F1ZXJ5JnF1b3Q7OiZxdW90OyNPZHlvbWV0cmlzdGxlcmUyQmluQWzEsW0mcXVvdDssJnF1b3Q7cG9zaXRpb24mcXVvdDs6NCwmcXVvdDt0b2tlbiZxdW90OzomcXVvdDs6bG9jYXRpb25fcmVxdWVzdDpoYXNodGFnX3RyZW5kOnRheGlfd29ybGR3aWRlX3NvdXJjZTp0d2VldF9jb3VudF8xMDAwXzEwMDAwX21ldGFkZXNjcmlwdGlvbjomcXVvdDssJnF1b3Q7aWQmcXVvdDs6JnF1b3Q7NzQwMjM2NTc3OTU4MTU3MjIzNCZxdW90O30seyZxdW90O25hbWUmcXVvdDs6JnF1b3Q7RGVmb2UmcXVvdDssJnF1b3Q7aXRlbV90eXBlJnF1b3Q7OjgsJnF1b3Q7aXRlbV9xdWVyeSZxdW90OzomcXVvdDtEZWZvZSZxdW90OywmcXVvdDtwb3NpdGlvbiZxdW90Ozo1LCZxdW90O3Rva2VuJnF1b3Q7OiZxdW90Ozpsb2NhdGlvbl9yZXF1ZXN0OmVudGl0eV90cmVuZDp0YXhpX3dvcmxkd2lkZV9zb3VyY2U6dHdlZXRfY291bnRfMTAwMDBfMTAwMDAwX21ldGFkZXNjcmlwdGlvbjomcXVvdDssJnF1b3Q7aWQmcXVvdDs6JnF1b3Q7NzQwMjM2NTc3OTU4MTU3MjIzNCZxdW90O30seyZxdW90O25hbWUmcXVvdDs6JnF1b3Q744OQ44Oz44OJ44OqJnF1b3Q7LCZxdW90O2l0ZW1fdHlwZSZxdW90Ozo4LCZxdW90O2l0ZW1fcXVlcnkmcXVvdDs6JnF1b3Q744OQ44Oz44OJ44OqJnF1b3Q7LCZxdW90O3Bvc2l0aW9uJnF1b3Q7OjYsJnF1b3Q7dG9rZW4mcXVvdDs6JnF1b3Q7OmxvY2F0aW9uX3JlcXVlc3Q6ZW50aXR5X3RyZW5kOnRheGlfd29ybGR3aWRlX3NvdXJjZTp0d2VldF9jb3VudF8xMDAwMDBfMTAwMDAwMF9tZXRhZGVzY3JpcHRpb246JnF1b3Q7LCZxdW90O2lkJnF1b3Q7OiZxdW90Ozc0MDIzNjU3Nzk1ODE1NzIyMzQmcXVvdDt9LHsmcXVvdDtuYW1lJnF1b3Q7OiZxdW90O0J1cm5hJnF1b3Q7LCZxdW90O2l0ZW1fdHlwZSZxdW90Ozo4LCZxdW90O2l0ZW1fcXVlcnkmcXVvdDs6JnF1b3Q7QnVybmEmcXVvdDssJnF1b3Q7cG9zaXRpb24mcXVvdDs6NywmcXVvdDt0b2tlbiZxdW90OzomcXVvdDs6bG9jYXRpb25fcmVxdWVzdDplbnRpdHlfdHJlbmQ6dGF4aV93b3JsZHdpZGVfc291cmNlOnR3ZWV0X2NvdW50XzEwMDAwXzEwMDAwMF9tZXRhZGVzY3JpcHRpb246JnF1b3Q7LCZxdW90O2lkJnF1b3Q7OiZxdW90Ozc0MDIzNjU3Nzk1ODE1NzIyMzQmcXVvdDt9LHsmcXVvdDtuYW1lJnF1b3Q7OiZxdW90O05hbmN5IFBlbG9zaSZxdW90OywmcXVvdDtpdGVtX3R5cGUmcXVvdDs6OCwmcXVvdDtpdGVtX3F1ZXJ5JnF1b3Q7OiZxdW90O05hbmN5IFBlbG9zaSZxdW90OywmcXVvdDtwb3NpdGlvbiZxdW90Ozo4LCZxdW90O3Rva2VuJnF1b3Q7OiZxdW90Ozpsb2NhdGlvbl9yZXF1ZXN0OmVudGl0eV90cmVuZDp0YXhpX3dvcmxkd2lkZV9zb3VyY2U6dHdlZXRfY291bnRfMTAwMDAwXzEwMDAwMDBfbWV0YWRlc2NyaXB0aW9uOiZxdW90OywmcXVvdDtpZCZxdW90OzomcXVvdDs3NDAyMzY1Nzc5NTgxNTcyMjM0JnF1b3Q7fSx7JnF1b3Q7bmFtZSZxdW90OzomcXVvdDvlnJ/ploDjgZXjgpMmcXVvdDssJnF1b3Q7aXRlbV90eXBlJnF1b3Q7OjgsJnF1b3Q7aXRlbV9xdWVyeSZxdW90OzomcXVvdDvlnJ/ploDjgZXjgpMmcXVvdDssJnF1b3Q7cG9zaXRpb24mcXVvdDs6OSwmcXVvdDt0b2tlbiZxdW90OzomcXVvdDs6bG9jYXRpb25fcmVxdWVzdDplbnRpdHlfdHJlbmQ6dGF4aV93b3JsZHdpZGVfc291cmNlOnR3ZWV0X2NvdW50XzEwMDAwXzEwMDAwMF9tZXRhZGVzY3JpcHRpb246JnF1b3Q7LCZxdW90O2lkJnF1b3Q7OiZxdW90Ozc0MDIzNjU3Nzk1ODE1NzIyMzQmcXVvdDt9XSwmcXVvdDtldmVudF9uYW1lc3BhY2UmcXVvdDs6eyZxdW90O2NsaWVudCZxdW90OzomcXVvdDt3ZWImcXVvdDssJnF1b3Q7cGFnZSZxdW90OzomcXVvdDtzZWFyY2gmcXVvdDssJnF1b3Q7c2VjdGlvbiZxdW90OzomcXVvdDtkZWZhdWx0JnF1b3Q7LCZxdW90O2NvbXBvbmVudCZxdW90OzomcXVvdDt0cmVuZHMmcXVvdDssJnF1b3Q7ZWxlbWVudCZxdW90OzomcXVvdDtpbml0aWFsJnF1b3Q7LCZxdW90O2FjdGlvbiZxdW90OzomcXVvdDtyZXN1bHRzJnF1b3Q7fSwmcXVvdDt0cmlnZ2VyZWRfb24mcXVvdDs6MTU0NjUzNzM1NDI3MiwmcXVvdDtmb3JtYXRfdmVyc2lvbiZxdW90OzoyLCZxdW90O19jYXRlZ29yeV8mcXVvdDs6JnF1b3Q7Y2xpZW50X2V2ZW50JnF1b3Q7fSx7JnF1b3Q7aW50ZXJuYWxfcmVmZXJlciZxdW90OzpudWxsLCZxdW90O2NsaWVudF92ZXJzaW9uJnF1b3Q7OiZxdW90O21hY2F3LXN3aWZ0JnF1b3Q7LCZxdW90O3VzZXJfaWQmcXVvdDs6MCwmcXVvdDtzZWFyY2hfZGV0YWlscyZxdW90Ozp7JnF1b3Q7cXVlcnkmcXVvdDs6JnF1b3Q7VGVzdCZxdW90OywmcXVvdDtxdWVyeV9zb3VyY2UmcXVvdDs6JnF1b3Q7cmVmZ29vZ2xlJnF1b3Q7fSwmcXVvdDt3b2VpZCZxdW90OzoxLCZxdW90O2V2ZW50X25hbWVzcGFjZSZxdW90Ozp7JnF1b3Q7Y2xpZW50JnF1b3Q7OiZxdW90O3dlYiZxdW90OywmcXVvdDtwYWdlJnF1b3Q7OiZxdW90O3NlYXJjaCZxdW90OywmcXVvdDtzZWN0aW9uJnF1b3Q7OiZxdW90O2RlZmF1bHQmcXVvdDssJnF1b3Q7Y29tcG9uZW50JnF1b3Q7OiZxdW90O3RyZW5kcyZxdW90OywmcXVvdDthY3Rpb24mcXVvdDs6JnF1b3Q7aW1wcmVzc2lvbiZxdW90O30sJnF1b3Q7dHJpZ2dlcmVkX29uJnF1b3Q7OjE1NDY1MzczNTQyNzIsJnF1b3Q7Zm9ybWF0X3ZlcnNpb24mcXVvdDs6MiwmcXVvdDtfY2F0ZWdvcnlfJnF1b3Q7OiZxdW90O2NsaWVudF9ldmVudCZxdW90O30seyZxdW90O3Byb2R1Y3QmcXVvdDs6JnF1b3Q7d2ViY2xpZW50JnF1b3Q7LCZxdW90O2Rlc2NyaXB0aW9uJnF1b3Q7OiZxdW90O3N0YXRzOmFqYXg6cGVyZjpwYXJ0bmVyX2lkX3N5bmM6ZG91YmxlY2xpY2smcXVvdDssJnF1b3Q7ZHVyYXRpb25fbXMmcXVvdDs6NzY3LCZxdW90O3N0YXJ0X3RpbWVfbXMmcXVvdDs6MTU0NjUzNzM1MzU2OCwmcXVvdDttZXRhZGF0YSZxdW90OzomcXVvdDt7XCZxdW90O3VybFwmcXVvdDs6XCZxdW90O2h0dHBzOi8vY20uZy5kb3VibGVjbGljay5uZXQvcGl4ZWw/Z29vZ2xlX25pZD10d2l0dGVyX2RibSZhbXA7Z29vZ2xlX2NtXCZxdW90OyxcJnF1b3Q7YnJvd3NlclwmcXVvdDs6e1wmcXVvdDttb3ppbGxhXCZxdW90Ozp0cnVlLFwmcXVvdDt2ZXJzaW9uXCZxdW90OzpcJnF1b3Q7MTEuMFwmcXVvdDssXCZxdW90O25hbWVcJnF1b3Q7OlwmcXVvdDttb3ppbGxhXCZxdW90O319JnF1b3Q7LCZxdW90O19jYXRlZ29yeV8mcXVvdDs6JnF1b3Q7cGVyZnRvd24mcXVvdDt9XSIgQ29ycmVsYXRpb25CaW5kaW5nPSIiIFVybEVuY29kZT0iVHJ1ZSIgLz4NCiAgICAgIDwvRm9ybVBvc3RIdHRwQm9keT4NCiAgICA8L1JlcXVlc3Q+DQogICAgPFJlcXVlc3QgTWV0aG9kPSJHRVQiIEd1aWQ9ImQwZGM0MzA2LWUzNmUtNDdiZS05OTc0LTlhYmFlOGQ3ZGRjMiIgVmVyc2lvbj0iMS4xIiBVcmw9Imh0dHBzOi8vd3d3LmJpbmcuY29tL2ZkL2xzL2wiIFRoaW5rVGltZT0iMCIgVGltZW91dD0iMzAwIiBQYXJzZURlcGVuZGVudFJlcXVlc3RzPSJUcnVlIiBGb2xsb3dSZWRpcmVjdHM9IlRydWUiIFJlY29yZFJlc3VsdD0iVHJ1ZSIgQ2FjaGU9IkZhbHNlIiBSZXNwb25zZVRpbWVHb2FsPSIwIiBFbmNvZGluZz0idXRmLTgiIEV4cGVjdGVkSHR0cFN0YXR1c0NvZGU9IjAiIEV4cGVjdGVkUmVzcG9uc2VVcmw9IiIgUmVwb3J0aW5nTmFtZT0iIiBJZ25vcmVIdHRwU3RhdHVzQ29kZT0iRmFsc2UiPg0KICAgICAgPEhlYWRlcnM+DQogICAgICAgIDxIZWFkZXIgTmFtZT0iUmVmZXJlciIgVmFsdWU9Imh0dHBzOi8vd3d3LmJpbmcuY29tL3NlYXJjaD9xPXd3dy5nb29nbGUuY29tJmFtcDtzcmM9SUUtU2VhcmNoQm94JmFtcDtGT1JNPUlFU1I0QSZhbXA7cGM9RVVQUF8iIC8+DQogICAgICA8L0hlYWRlcnM+DQogICAgICA8UXVlcnlTdHJpbmdQYXJhbWV0ZXJzPg0KICAgICAgICA8UXVlcnlTdHJpbmdQYXJhbWV0ZXIgTmFtZT0iSUciIFZhbHVlPSJCNENBNzQzQTBFNDM0Nzg5QjY1QjdDQTE1OEUzMUQxRCIgUmVjb3JkZWRWYWx1ZT0iQjRDQTc0M0EwRTQzNDc4OUI2NUI3Q0ExNThFMzFEMUQiIENvcnJlbGF0aW9uQmluZGluZz0ie3tRdWVyeVN0cmluZ1BhcmFtMTYuSUd9fSIgVXJsRW5jb2RlPSJGYWxzZSIgVXNlVG9Hcm91cFJlc3VsdHM9IkZhbHNlIiAvPg0KICAgICAgICA8UXVlcnlTdHJpbmdQYXJhbWV0ZXIgTmFtZT0iVHlwZSIgVmFsdWU9IkV2ZW50LkNQVCIgUmVjb3JkZWRWYWx1ZT0iRXZlbnQuQ1BUIiBDb3JyZWxhdGlvbkJpbmRpbmc9Int7UXVlcnlTdHJpbmdQYXJhbTE3LlR5cGV9fSIgVXJsRW5jb2RlPSJGYWxzZSIgVXNlVG9Hcm91cFJlc3VsdHM9IkZhbHNlIiAvPg0KICAgICAgICA8UXVlcnlTdHJpbmdQYXJhbWV0ZXIgTmFtZT0iREFUQSIgVmFsdWU9InslMjJwcCUyMjp7JTIyUyUyMjolMjJMJTIyLCUyMkZDJTIyOjE4LCUyMkJDJTIyOjI3LCUyMlNFJTIyOi0xLCUyMlRDJTIyOi0xLCUyMkglMjI6NzMsJTIyQlAlMjI6MTY0LCUyMkNUJTIyOjE2OCwlMjJJTCUyMjoxMn0sJTIyYWQlMjI6Wy0xLC0xLDEwODcsNjMzLDEwODksMjIzNywxXX0iIFJlY29yZGVkVmFsdWU9InslMjJwcCUyMjp7JTIyUyUyMjolMjJMJTIyLCUyMkZDJTIyOjE4LCUyMkJDJTIyOjI3LCUyMlNFJTIyOi0xLCUyMlRDJTIyOi0xLCUyMkglMjI6NzMsJTIyQlAlMjI6MTY0LCUyMkNUJTIyOjE2OCwlMjJJTCUyMjoxMn0sJTIyYWQlMjI6Wy0xLC0xLDEwODcsNjMzLDEwODksMjIzNywxXX0iIENvcnJlbGF0aW9uQmluZGluZz0iIiBVcmxFbmNvZGU9IkZhbHNlIiBVc2VUb0dyb3VwUmVzdWx0cz0iRmFsc2UiIC8+DQogICAgICAgIDxRdWVyeVN0cmluZ1BhcmFtZXRlciBOYW1lPSJQIiBWYWx1ZT0iU0VSUCIgUmVjb3JkZWRWYWx1ZT0iU0VSUCIgQ29ycmVsYXRpb25CaW5kaW5nPSIiIFVybEVuY29kZT0iRmFsc2UiIFVzZVRvR3JvdXBSZXN1bHRzPSJGYWxzZSIgLz4NCiAgICAgICAgPFF1ZXJ5U3RyaW5nUGFyYW1ldGVyIE5hbWU9IkRBIiBWYWx1ZT0iSEsyIiBSZWNvcmRlZFZhbHVlPSJISzIiIENvcnJlbGF0aW9uQmluZGluZz0iIiBVcmxFbmNvZGU9IkZhbHNlIiBVc2VUb0dyb3VwUmVzdWx0cz0iRmFsc2UiIC8+DQogICAgICA8L1F1ZXJ5U3RyaW5nUGFyYW1ldGVycz4NCiAgICA8L1JlcXVlc3Q+DQogICAgPFJlcXVlc3QgTWV0aG9kPSJQT1NUIiBHdWlkPSI2NDkzYTEzZC1lMDEyLTQ0MDYtOWNhMy1jNmNkMzgzMTgyNzkiIFZlcnNpb249IjEuMSIgVXJsPSJodHRwczovL3d3dy5iaW5nLmNvbS9mZC9scy9sc3AuYXNweCIgVGhpbmtUaW1lPSIwIiBUaW1lb3V0PSIzMDAiIFBhcnNlRGVwZW5kZW50UmVxdWVzdHM9IlRydWUiIEZvbGxvd1JlZGlyZWN0cz0iVHJ1ZSIgUmVjb3JkUmVzdWx0PSJUcnVlIiBDYWNoZT0iRmFsc2UiIFJlc3BvbnNlVGltZUdvYWw9IjAiIEVuY29kaW5nPSJ1dGYtOCIgRXhwZWN0ZWRIdHRwU3RhdHVzQ29kZT0iMCIgRXhwZWN0ZWRSZXNwb25zZVVybD0iIiBSZXBvcnRpbmdOYW1lPSIiIElnbm9yZUh0dHBTdGF0dXNDb2RlPSJGYWxzZSI+DQogICAgICA8SGVhZGVycz4NCiAgICAgICAgPEhlYWRlciBOYW1lPSJSZWZlcmVyIiBWYWx1ZT0iaHR0cHM6Ly93d3cuYmluZy5jb20vc2VhcmNoP3E9d3d3Lmdvb2dsZS5jb20mYW1wO3NyYz1JRS1TZWFyY2hCb3gmYW1wO0ZPUk09SUVTUjRBJmFtcDtwYz1FVVBQXyIgLz4NCiAgICAgIDwvSGVhZGVycz4NCiAgICAgIDxRdWVyeVN0cmluZ1BhcmFtZXRlcnM+DQogICAgICAgIDxRdWVyeVN0cmluZ1BhcmFtZXRlciBOYW1lPSIiIFZhbHVlPSIiIFJlY29yZGVkVmFsdWU9IiIgQ29ycmVsYXRpb25CaW5kaW5nPSIiIFVybEVuY29kZT0iRmFsc2UiIFVzZVRvR3JvdXBSZXN1bHRzPSJGYWxzZSIgLz4NCiAgICAgIDwvUXVlcnlTdHJpbmdQYXJhbWV0ZXJzPg0KICAgICAgPFN0cmluZ0h0dHBCb2R5IENvbnRlbnRUeXBlPSJ0ZXh0L3htbCIgSW5zZXJ0Qnl0ZU9yZGVyTWFyaz0iRmFsc2UiPlBBQkRBR3dBYVFCbEFHNEFkQUJKQUc0QWN3QjBBRklBWlFCeEFIVUFaUUJ6QUhRQVBnQThBRVVBZGdCbEFHNEFkQUJ6QUQ0QVBBQkZBRDRBUEFCVUFENEFSUUIyQUdVQWJnQjBBQzRBUXdCc0FHa0FaUUJ1QUhRQVNRQnVBSE1BZEFBOEFDOEFWQUErQUR3QVNRQkhBRDRBUWdBMEFFTUFRUUEzQURRQU13QkJBREFBUlFBMEFETUFOQUEzQURnQU9RQkNBRFlBTlFCQ0FEY0FRd0JCQURFQU5RQTRBRVVBTXdBeEFFUUFNUUJFQUR3QUx3QkpBRWNBUGdBOEFGUUFVd0ErQURFQU5RQTBBRFlBTlFBekFEY0FNd0EyQURjQU5nQTRBRFVBUEFBdkFGUUFVd0ErQUR3QVJBQStBRHdBSVFCYkFFTUFSQUJCQUZRQVFRQmJBSHNBYVFCa0FEb0FPUUEzQURjQU1BQXNBRkFBT2dBaUFEY0FPZ0EwQUcwQUxBQTFBRG9BTkFCdEFDd0FNUUExQURvQWJBQjJBQ3dBTVFBMEFEb0FiQUIwQUN3QU1RQXpBRG9BYkFCMEFDd0FNUUF5QURvQWJBQjBBQ3dBTVFBeEFEb0FOQUJ1QUN3QU5BQTZBRFFBYlFBc0FETUFPZ0EwQUcwQUxBQXlBRG9BTkFCdEFDd0FNUUEzQURvQWJRQXdBQ3dBTVFBMkFEb0FiUUF3QUN3QU1nQTBBRG9BYVFBMUFDd0FPQUE2QURRQWJRQXNBREVBTUFBNkFHd0FjUUFzQURrQU9nQTBBRzRBSWdBc0FGTUFPZ0FpQUc0QVlRQjJBRG9BTUFBaUFDd0FkZ0E2QURFQUxnQXhBQ3dBVkFBNkFDSUFRd0JKQUM0QVVBQmxBSElBWmdBaUFDd0FSZ0JKQUVRQU9nQWlBRU1BU1FBaUFDd0FUZ0JoQUcwQVpRQTZBQ0lBVUFCbEFISUFaZ0JXQURJQUlnQjlBRjBBWFFBK0FEd0FMd0JFQUQ0QVBBQXZBRVVBUGdBOEFDOEFSUUIyQUdVQWJnQjBBSE1BUGdBOEFGTUFWQUJUQUQ0QU1RQTFBRFFBTmdBMUFETUFOd0F6QURZQU53QTJBRGdBTlFBOEFDOEFVd0JVQUZNQVBnQThBQzhBUXdCc0FHa0FaUUJ1QUhRQVNRQnVBSE1BZEFCU0FHVUFjUUIxQUdVQWN3QjBBRDRBPC9TdHJpbmdIdHRwQm9keT4NCiAgICA8L1JlcXVlc3Q+DQogICAgPFJlcXVlc3QgTWV0aG9kPSJHRVQiIEd1aWQ9IjY5YjU3ZWQ5LTc2NzctNDRiZC1iMjBmLWY2MzE0ODg4YTM2ZCIgVmVyc2lvbj0iMS4xIiBVcmw9Imh0dHBzOi8vd3d3LmJpbmcuY29tL2ZkL2xzL2wiIFRoaW5rVGltZT0iMCIgVGltZW91dD0iMzAwIiBQYXJzZURlcGVuZGVudFJlcXVlc3RzPSJUcnVlIiBGb2xsb3dSZWRpcmVjdHM9IlRydWUiIFJlY29yZFJlc3VsdD0iVHJ1ZSIgQ2FjaGU9IkZhbHNlIiBSZXNwb25zZVRpbWVHb2FsPSIwIiBFbmNvZGluZz0idXRmLTgiIEV4cGVjdGVkSHR0cFN0YXR1c0NvZGU9IjAiIEV4cGVjdGVkUmVzcG9uc2VVcmw9IiIgUmVwb3J0aW5nTmFtZT0iIiBJZ25vcmVIdHRwU3RhdHVzQ29kZT0iRmFsc2UiPg0KICAgICAgPEhlYWRlcnM+DQogICAgICAgIDxIZWFkZXIgTmFtZT0iUmVmZXJlciIgVmFsdWU9Imh0dHBzOi8vd3d3LmJpbmcuY29tL3NlYXJjaD9xPXd3dy5nb29nbGUuY29tJmFtcDtzcmM9SUUtU2VhcmNoQm94JmFtcDtGT1JNPUlFU1I0QSZhbXA7cGM9RVVQUF8iIC8+DQogICAgICA8L0hlYWRlcnM+DQogICAgICA8UXVlcnlTdHJpbmdQYXJhbWV0ZXJzPg0KICAgICAgICA8UXVlcnlTdHJpbmdQYXJhbWV0ZXIgTmFtZT0iSUciIFZhbHVlPSJCNENBNzQzQTBFNDM0Nzg5QjY1QjdDQTE1OEUzMUQxRCIgUmVjb3JkZWRWYWx1ZT0iQjRDQTc0M0EwRTQzNDc4OUI2NUI3Q0ExNThFMzFEMUQiIENvcnJlbGF0aW9uQmluZGluZz0ie3tRdWVyeVN0cmluZ1BhcmFtMjcuSUd9fSIgVXJsRW5jb2RlPSJGYWxzZSIgVXNlVG9Hcm91cFJlc3VsdHM9IkZhbHNlIiAvPg0KICAgICAgICA8UXVlcnlTdHJpbmdQYXJhbWV0ZXIgTmFtZT0iVHlwZSIgVmFsdWU9IkV2ZW50LlBQVCIgUmVjb3JkZWRWYWx1ZT0iRXZlbnQuUFBUIiBDb3JyZWxhdGlvbkJpbmRpbmc9Int7UXVlcnlTdHJpbmdQYXJhbTI4LlR5cGV9fSIgVXJsRW5jb2RlPSJGYWxzZSIgVXNlVG9Hcm91cFJlc3VsdHM9IkZhbHNlIiAvPg0KICAgICAgICA8UXVlcnlTdHJpbmdQYXJhbWV0ZXIgTmFtZT0iREFUQSIgVmFsdWU9InslMjJTJTIyOjMzNywlMjJFJTIyOjY0MCwlMjJUJTIyOjAsJTIySSUyMjowLCUyMk4lMjI6eyUyMlRQJTIyOnslMjJTJTIyOjQ1OCwlMjJFJTIyOjQ2MCwlMjJUJTIyOjJ9fSwlMjJNJTIyOnt9fSIgUmVjb3JkZWRWYWx1ZT0ieyUyMlMlMjI6MzM3LCUyMkUlMjI6NjQwLCUyMlQlMjI6MCwlMjJJJTIyOjAsJTIyTiUyMjp7JTIyVFAlMjI6eyUyMlMlMjI6NDU4LCUyMkUlMjI6NDYwLCUyMlQlMjI6Mn19LCUyMk0lMjI6e319IiBDb3JyZWxhdGlvbkJpbmRpbmc9IiIgVXJsRW5jb2RlPSJGYWxzZSIgVXNlVG9Hcm91cFJlc3VsdHM9IkZhbHNlIiAvPg0KICAgICAgICA8UXVlcnlTdHJpbmdQYXJhbWV0ZXIgTmFtZT0iUCIgVmFsdWU9IlNFUlAiIFJlY29yZGVkVmFsdWU9IlNFUlAiIENvcnJlbGF0aW9uQmluZGluZz0iIiBVcmxFbmNvZGU9IkZhbHNlIiBVc2VUb0dyb3VwUmVzdWx0cz0iRmFsc2UiIC8+DQogICAgICAgIDxRdWVyeVN0cmluZ1BhcmFtZXRlciBOYW1lPSJEQSIgVmFsdWU9IkhLMiIgUmVjb3JkZWRWYWx1ZT0iSEsyIiBDb3JyZWxhdGlvbkJpbmRpbmc9IiIgVXJsRW5jb2RlPSJGYWxzZSIgVXNlVG9Hcm91cFJlc3VsdHM9IkZhbHNlIiAvPg0KICAgICAgPC9RdWVyeVN0cmluZ1BhcmFtZXRlcnM+DQogICAgPC9SZXF1ZXN0Pg0KICAgIDxSZXF1ZXN0IE1ldGhvZD0iUE9TVCIgR3VpZD0iMmU3NzI1ZjEtMGIwNC00N2RlLTkwMjYtNmM2ZTVkMjkyMTAzIiBWZXJzaW9uPSIxLjEiIFVybD0iaHR0cHM6Ly93d3cuYmluZy5jb20vZmQvbHMvbHNwLmFzcHgiIFRoaW5rVGltZT0iMyIgVGltZW91dD0iMzAwIiBQYXJzZURlcGVuZGVudFJlcXVlc3RzPSJUcnVlIiBGb2xsb3dSZWRpcmVjdHM9IlRydWUiIFJlY29yZFJlc3VsdD0iVHJ1ZSIgQ2FjaGU9IkZhbHNlIiBSZXNwb25zZVRpbWVHb2FsPSIwIiBFbmNvZGluZz0idXRmLTgiIEV4cGVjdGVkSHR0cFN0YXR1c0NvZGU9IjAiIEV4cGVjdGVkUmVzcG9uc2VVcmw9IiIgUmVwb3J0aW5nTmFtZT0iIiBJZ25vcmVIdHRwU3RhdHVzQ29kZT0iRmFsc2UiPg0KICAgICAgPEhlYWRlcnM+DQogICAgICAgIDxIZWFkZXIgTmFtZT0iUmVmZXJlciIgVmFsdWU9Imh0dHBzOi8vd3d3LmJpbmcuY29tL3NlYXJjaD9xPXd3dy5nb29nbGUuY29tJmFtcDtzcmM9SUUtU2VhcmNoQm94JmFtcDtGT1JNPUlFU1I0QSZhbXA7cGM9RVVQUF8iIC8+DQogICAgICA8L0hlYWRlcnM+DQogICAgICA8U3RyaW5nSHR0cEJvZHkgQ29udGVudFR5cGU9InRleHQveG1sIiBJbnNlcnRCeXRlT3JkZXJNYXJrPSJGYWxzZSI+UEFCREFHd0FhUUJsQUc0QWRBQkpBRzRBY3dCMEFGSUFaUUJ4QUhVQVpRQnpBSFFBUGdBOEFFVUFkZ0JsQUc0QWRBQnpBRDRBUEFCRkFENEFQQUJVQUQ0QVJRQjJBR1VBYmdCMEFDNEFRd0JzQUdrQVpRQnVBSFFBU1FCdUFITUFkQUE4QUM4QVZBQStBRHdBU1FCSEFENEFRZ0EwQUVNQVFRQTNBRFFBTXdCQkFEQUFSUUEwQURNQU5BQTNBRGdBT1FCQ0FEWUFOUUJDQURjQVF3QkJBREVBTlFBNEFFVUFNd0F4QUVRQU1RQkVBRHdBTHdCSkFFY0FQZ0E4QUZRQVV3QStBREVBTlFBMEFEWUFOUUF6QURjQU13QTJBRGdBTkFBeUFEZ0FQQUF2QUZRQVV3QStBRHdBUkFBK0FEd0FJUUJiQUVNQVJBQkJBRlFBUVFCYkFGc0Fld0FpQUZRQUlnQTZBQ0lBUXdCSkFDNEFRZ0J2QUhnQVRRQnZBR1FBWlFCc0FDSUFMQUFpQUVZQVNRQkVBQ0lBT2dBaUFFTUFTUUFpQUN3QUlnQk9BR0VBYlFCbEFDSUFPZ0FpQUhZQU1nQXVBRGdBSWdBc0FDSUFVd0JXQUNJQU9nQWlBRFFBSWdBc0FDSUFVQUFpQURvQWV3QWlBRU1BSWdBNkFESUFOd0FzQUNJQVRnQWlBRG9BTVFBc0FDSUFTUUFpQURvQUlnQTNBRFVBYVFBaUFDd0FJZ0JUQUNJQU9nQWlBRlFBSWdBc0FDSUFUUUFpQURvQUlnQldBQ3NBVEFBckFFMEFLd0JOQUZRQUt3QkZBQ3NBVGdBckFFTUFLd0JMQUNzQVFnQkVBQ0lBTEFBaUFGUUFJZ0E2QURFQU5RQTBBRElBTEFBaUFFc0FJZ0E2QUNJQVV3QlFBRUVBVGdBdUFHWUFkQUJ5QUVJQUt3Qk1BRWtBTGdCaUFGOEFZUUJzQUdjQWJ3QXJBRXdBU1FBdUFHSUFYd0JoQUc0QWN3QXJBREVBY1FBMUFDc0FVd0JGQUZJQVVBQXNBRFVBTUFBeUFESUFMZ0F4QUNzQVV3QkZBRklBVUFBc0FEVUFNUUF3QURBQUxnQXhBQ3NBUkFCSkFGWUFMZ0J5QUcwQWN3QmZBR2tBYlFCbkFDQUFjZ0J0QUhNQVh3QnlBRzBBY3dCaEFHNEFjd0IzQUdVQWNnQnpBRTBBZFFCc0FIUUFhUUJ0QUdVQVpBQnBBR0VBVmdCcEFHUUFaUUJ2QUVFQWJnQnpBSGNBWlFCeUFGOEFVQUJzQUdFQWVRQWdBSElBYlFCekFGOEFjZ0J0QUhNQVlRQnVBSE1BZHdCbEFISUFjd0JOQUhVQWJBQjBBR2tBYlFCbEFHUUFhUUJoQUZZQWFRQmtBR1VBYndCQkFHNEFjd0IzQUdVQWNnQmZBRUlBZFFCdUFHUUFiQUJsQUNzQVV3QkZBRklBVUFBc0FEVUFNUUExQURrQUxnQXhBQ3NBUkFCSkFGWUFMZ0J5QUcwQWN3QmZBR2tBYlFCbkFDc0FTUUJOQUVjQUxnQnlBRzBBY3dCZkFHa0FiUUJuQUNzQVV3QkZBRklBVUFBc0FEVUFOQUExQURNQUxnQXhBQ3NBZHdCM0FIY0FMZ0JpQUdrQWJnQm5BQzRBWXdCdkFHMEFLd0JvQUhRQWRBQndBSE1BS3dCakFITUFjd0FyQUdrQWJRQm5BQ3NBTVFCaUFEY0FaQUJtQUdJQU9BQTRBQ1VBTWdCR0FHTUFZd0E0QURRQU13QTNBR0VBWkFBdUFHb0Fjd0FyQUhNQVl3QnlBR2tBY0FCMEFDc0FOUUE1QURnQU13QmhBR0VBTlFBd0FDVUFNZ0JHQUdZQU9BQmpBRFlBWkFCa0FEUUFOQUF1QUdvQWN3QXJBRFFBWXdBM0FETUFOZ0EwQUdNQU5RQWxBRElBUmdBMEFEQUFaUUF4QUdJQU5BQXlBRFVBTGdCcUFITUFLd0ExQURjQU1BQXhBRE1BWXdBMEFEY0FKUUF5QUVZQU1RQmhBR1FBWWdBMUFHUUFZZ0JoQUM0QWFnQnpBQ3NBWWdCaEFHSUFOUUEzQUdVQU1RQXlBQ1VBTWdCR0FHVUFZUUE0QUdZQVpRQXpBREFBTUFBdUFHb0Fjd0FyQURVQU53QXpBRElBTkFBekFEUUFOUUFsQURJQVJnQmhBR1VBTUFBd0FHRUFNUUEyQURrQUxnQnFBSE1BS3dBekFEUUFPUUEwQUdVQU53QmlBRE1BSlFBeUFFWUFOQUJpQURBQVlRQmxBREFBWWdBekFDNEFhZ0J6QUNzQVlRQTJBR01BWWdBMEFEVUFaZ0EzQUNVQU1nQkdBRGtBWlFCbEFHVUFOd0F6QURJQU5RQXVBR29BY3dBckFHUUFZZ0E1QURZQU5RQmlBRGNBTWdBbEFESUFSZ0EzQUdVQU5nQm1BRGtBWlFBMUFERUFMZ0JxQUhNQUt3QmpBR1FBWkFBd0FEQUFPUUJrQUdJQUpRQXlBRVlBTlFBd0FEUUFZUUJsQURVQU1nQmlBQzRBYWdCekFDc0FaQUExQURjQU1RQXlBR1lBTVFCaEFDVUFNZ0JHQUdVQU5RQTRBR1VBTlFBd0FEZ0FNd0F1QUdvQWN3QXJBR1VBWmdBd0FEWUFPUUF3QURnQVlnQWxBRElBUmdBd0FETUFOUUF3QURJQU9BQXpBRElBTGdCcUFITUFLd0E0QUdJQVpnQTFBR01BTWdBMUFEWUFKUUF5QUVZQVpBQmlBRFFBTndBMUFHTUFPUUEzQUM0QWFnQnpBQ3NBWVFBekFEa0FPUUE1QURnQVpRQTBBQ1VBTWdCR0FEWUFOd0E1QURnQVlRQXpBRElBTWdBdUFHb0Fjd0FyQUdJQU5RQTFBRGtBWWdBd0FHTUFZUUFsQURJQVJnQmpBRFlBWmdBMkFHVUFOUUEyQURZQUxnQnFBSE1BS3dCaEFEWUFaZ0JoQURjQVpnQXlBRE1BSlFBeUFFWUFaQUEzQURZQVpnQTBBR01BTmdBd0FDNEFhZ0J6QUNzQVl3QmtBRFlBTVFCbEFHRUFaQUF6QUNVQU1nQkdBR0lBTUFCa0FEVUFZUUEyQURjQU1BQXVBR29BY3dBckFERUFZd0F5QUdZQU5nQXlBRFlBWXdBbEFESUFSZ0JqQURrQU9RQTJBRGtBTndBMUFESUFMZ0JxQUhNQUt3QXhBRFlBWWdCbEFESUFZUUF6QURRQUpRQXlBRVlBTmdBekFESUFNd0JqQUdVQU5BQXlBQzRBYWdCekFDSUFMQUFpQUVZQUlnQTZBREFBZlFBc0FDSUFWZ0FpQURvQUlnQm9BSG9BTHdBd0FDOEFNQUF2QUhVQWJ3QXZBR2tBTWdBdkFIVUFPUUF2QURNQVlnQXZBREVBTHdCa0FDOEFkZ0JwQUhNQWFRQmlBR3dBWlFBdkFHUUFaUUJtQUdFQWRRQnNBSFFBS3dCcUFHUUFMd0F2QUM4QUx3QXZBQzhBUUFBekFDOEFMd0F2QUM4QUlnQXNBQ0lBVEFBaUFEb0FJZ0JvQUhvQUx3QXdBQzhBVGdCQkFGWUFMZ0JpQUY4QWN3QmpBRzhBY0FCbEFHSUFZUUJ5QUM4QVV3QkZBRklBVUFBc0FEVUFNQUF4QURZQUxnQXhBQzhBTWdCekFDOEFNZ0EzQUM4QWNnQm9BQzhBTVFBekFDOEFNZ0F2QUZRQUx3QXRBREVBS3dCb0FIb0FMd0F4QUM4QVNBQXhBQzRBWWdCZkFHd0Fid0JuQUc4QUx3QXZBREVBYlFBdkFHY0FMd0J6QUM4QU1RQXdBQzhBTkFBdkFGUUFMd0F0QURFQUt3Qm9BSG9BTHdBeUFDOEFSQUJKQUZZQUxnQmlBRjhBY3dCbEFHRUFjZ0JqQUdnQVlnQnZBSGdBUmdCdkFISUFiUUF2QUM4QU1nQnpBQzhBWlFBdkFHa0FNQUF2QURFQU5BQXZBRE1BTHdCVUFDOEFMUUF4QUNzQWFBQjZBQzhBTXdBdkFFUUFTUUJXQUNNQWFRQmtBRjhBYUFBdkFFQUFOQUF2QUhFQU1RQXZBR0VBTHdBMEFEZ0FMd0F4QUdVQUx3QXlBQzhBVkFBdkFESUFLd0I1QUhVQUx3QXpBQzhBTHdBdkFHNEFhZ0F2QUM4QU5nQnhBQzhBTHdBdkFGUUFMd0FyQUdvQVp3QXZBRFFBTHdCVEFGQUFRUUJPQUM0QWN3QmlBRjhBWXdCdkFIVUFiZ0IwQUM4QUx3QXpBR01BTHdBekFHOEFMd0F6QUhVQUx3QjFBQzhBTXdBdkFGUUFMd0F0QURFQUt3QnFBR2NBTHdBMUFDOEFRQUF3QUM4QVV3QkZBRklBVUFBc0FEVUFNZ0E1QURrQUxnQXhBQzhBTndBMkFDOEFNd0J2QUM4QU1nQnhBQzhBZFFBdkFETUFMd0JVQUM4QUxRQXhBQ3NBYWdCbkFDOEFOZ0F2QUVBQU1BQXZBRk1BUlFCU0FGQUFMQUExQURNQU1BQTNBQzRBTVFBdkFEa0FlQUF2QURNQWJ3QXZBRE1BYVFBdkFIVUFMd0F6QUM4QVZBQXZBQzBBTVFBckFHb0Fad0F2QURjQUx3QkFBREFBTHdCVEFFVUFVZ0JRQUN3QU5RQXpBREVBTVFBdUFERUFMd0JrQUdZQUx3QXpBRzhBTHdBeUFHVUFMd0IxQUM4QU13QXZBRlFBTHdBdEFERUFLd0JxQUdjQUx3QTRBQzhBUUFBeEFDOEFVd0JGQUZJQVVBQXNBRFVBTVFBeUFEWUFMZ0F4QUM4QU1nQnpBQzhBTkFCcEFDOEFhUUF3QUM4QVl3QXhBQzhBTXdBdkFGUUFMd0F0QURFQUt3QnFBR2NBTHdBNUFDOEFRQUF4QUM4QVV3QkZBRklBVUFBc0FEVUFNUUEwQURFQUxnQXhBQzhBTWdCekFDOEFad0JzQUM4QWFRQXdBQzhBTWdCekFDOEFNd0F2QUZRQUx3QXRBREVBS3dCcUFHY0FMd0JoQUM4QVRBQkpBQzRBWWdCZkFHRUFiZ0J6QUNBQVlnQmZBRzBBYndCd0FDOEFRQUExQUM4QU1nQnpBQzhBYWdCbUFDOEFhUUF3QUM4QU53Qm9BQzhBTXdBdkFGUUFMd0F0QURFQUt3QnFBR2NBTHdCaUFDOEFRQUF4QUM4QVFBQTNBQzhBTWdCekFDOEFjUUI0QUM4QWFRQXdBQzhBT0FCbUFDOEFNd0F2QUZRQUx3QXRBREVBS3dCcUFHY0FMd0JqQUM4QVFBQXhBQzhBVXdCRkFGSUFVQUFzQURVQU1RQTNBRElBTGdBeEFDOEFNZ0J6QUM4QWVnQm1BQzhBYVFBd0FDOEFNZ0JoQUM4QU13QXZBRlFBTHdBdEFERUFLd0I1QUhVQUx3QmpBQzhBTHdBdkFDOEFlZ0JsQUM4QUx3QXZBQzhBVkFBdkFDc0FhZ0JuQUM4QVpBQXZBRUFBTVFBdkFGTUFSUUJTQUZBQUxBQTFBREVBT0FBMEFDNEFNUUF2QURJQWN3QXZBREVBTVFCeUFDOEFhUUF3QUM4QU1nQmhBQzhBTXdBdkFGUUFMd0F0QURFQUt3QjVBSFVBTHdCa0FDOEFMd0F2QUM4QU1RQXhBSEVBTHdBdkFDOEFMd0JVQUM4QUt3QnFBR2NBTHdCbEFDOEFRQUF4QUM4QVV3QkZBRklBVUFBc0FEVUFNUUE1QURZQUxnQXhBQzhBTWdCekFDOEFNUUEwQURNQUx3QnBBREFBTHdBeUFHRUFMd0F6QUM4QVZBQXZBQzBBTVFBckFIa0FkUUF2QUdVQUx3QXZBQzhBTHdBeEFEUUFNZ0F2QUM4QUx3QXZBRlFBTHdBckFHb0Fad0F2QUdZQUx3QkFBREVBTHdCVEFFVUFVZ0JRQUN3QU5RQXlBREVBTUFBdUFERUFMd0F5QUhNQUx3QXhBRFlBWmdBdkFHa0FNQUF2QURJQWN3QXZBRE1BTHdCVUFDOEFMUUF4QUNzQWVRQjFBQzhBWmdBdkFDOEFMd0F2QURFQU5nQmxBQzhBTHdBdkFDOEFWQUF2QUNzQWFnQm5BQzhBWndBdkFFQUFNUUF2QUZNQVJRQlNBRkFBTEFBMUFESUFNZ0ExQUM0QU1RQXZBRElBY3dBdkFERUFPUUE1QUM4QWFRQXdBQzhBTXdCaEFDOEFNd0F2QUZRQUx3QXRBREVBS3dCNUFIVUFMd0JuQUM4QUx3QXZBQzhBTVFBNUFEZ0FMd0F2QUM4QUx3QlVBQzhBS3dCcUFHY0FMd0JvQUM4QVFBQXhBQzhBVXdCRkFGSUFVQUFzQURVQU1nQXpBRGtBTGdBeEFDOEFNZ0J6QUM4QU1RQmpBR3dBTHdCcEFEQUFMd0F5QUhNQUx3QXpBQzhBVkFBdkFDMEFNUUFyQUhrQWRRQXZBR2dBTHdBdkFDOEFMd0F4QUdNQWF3QXZBQzhBTHdBdkFGUUFMd0FyQUdvQVp3QXZBR2tBTHdCQUFERUFMd0JUQUVVQVVnQlFBQ3dBTlFBeUFEVUFNd0F1QURFQUx3QXlBSE1BTHdBeEFHWUFaZ0F2QUdrQU1BQXZBRElBWVFBdkFETUFMd0JVQUM4QUxRQXhBQ3NBZVFCMUFDOEFhUUF2QUM4QUx3QXZBREVBWmdCbEFDOEFMd0F2QUM4QVZBQXZBQ3NBYWdCbkFDOEFhZ0F2QUVBQU1nQXZBRk1BUlFCU0FGQUFMQUExQURRQU5BQXhBQzRBTVFBdkFESUFjd0F2QURFQWFBQnlBQzhBYVFBd0FDOEFOUUF3QUM4QU13QXZBRlFBTHdBdEFERUFLd0I1QUhVQUx3QnFBQzhBTHdBdkFDOEFNUUJvQUhFQUx3QXZBQzhBTHdCVUFDOEFLd0JxQUdjQUx3QnJBQzhBVEFCSkFDNEFZZ0JmQUhBQVlRQm5BQzhBVXdCRkFGSUFVQUFzQURVQU5RQXdBRGdBTGdBeEFDOEFNZ0J6QUM4QU1RQnRBSFFBTHdCcEFEQUFMd0F5QUhFQUx3QXpBQzhBVkFBdkFDMEFNUUFyQUdvQVp3QXZBR3dBTHdCQUFESUFMd0JBQUdFQUx3QnNBSGNBTHdBMEFHa0FMd0E0QURnQUx3QnZBR3NBTHdBekFDOEFWQUF2QUMwQU1RQXJBR29BWndBdkFHMEFMd0JHQUU4QVR3QlVBRVVBVWdBakFHSUFYd0JtQUc4QWJ3QjBBR1VBY2dBdkFGTUFSUUJTQUZBQUxBQTFBREFBTkFBNUFDNEFNUUF2QURBQUx3QkFBRE1BTHdCMUFEa0FMd0F4QUdNQUx3QXhBQzhBVkFBdkFDMEFNUUFyQUdnQWVnQXZBRzRBTHdCSkFFMEFSd0F2QUM4QU1RQnRBQzhBWndBdkFHMEFkQUF2QURFQWNRQXZBRFVBTHdCVUFDOEFMUUF4QUNzQWFBQjZBQzhBYndBdkFFa0FUUUJIQUNNQWFRQmtBRjhBY0FBdkFFQUFOQUF2QURBQUx3QXdBQzhBTUFBdkFEQUFMd0EwQUM4QVZBQXZBRElBS3dCcUFHY0FMd0J3QUM4QVNRQk5BRWNBSXdCbEFHMEFZZ0EyQUVRQU1BQTJBRGtBTkFBNEFFRUFMd0JBQURVQUx3QXpBR01BTHdCc0FEQUFMd0ExQUdZQUx3QXpBREFBTHdCaUFDOEFWQUF2QUMwQU1RQXJBR29BWndBdkFIRUFMd0JBQURZQUx3QkFBRFVBTHdBekFHc0FMd0J1QUd3QUx3QTNBQzhBT0FBdkFHUUFMd0JVQUM4QUxRQXhBQ3NBYWdCbkFDOEFjZ0F2QUVrQVRRQkhBQ01BWlFCdEFHSUFNUUEyQURZQU13QTFBRFVBUVFBNUFFSUFMd0JBQURVQUx3QTRBSG9BTHdCc0FEQUFMd0ExQUdZQUx3QXpBREFBTHdCaUFDOEFWQUF2QUMwQU1RQXJBR29BWndBdkFITUFMd0JBQURZQUx3QkFBRFVBTHdBNUFEY0FMd0J1QUd3QUx3QTNBQzhBT0FBdkFHUUFMd0JVQUM4QUxRQXhBQ3NBYWdCbkFDOEFkQUF2QUVrQVRRQkhBQ01BWlFCdEFHSUFNZ0F4QUVNQVFRQkNBRE1BUXdBNUFESUFMd0JBQURVQUx3QmxBRzBBTHdCc0FEQUFMd0ExQUdZQUx3QXpBREFBTHdCaUFDOEFWQUF2QUMwQU1RQXJBR29BWndBdkFIVUFMd0JBQURZQUx3QkFBRFVBTHdCbEFIVUFMd0J1QUd3QUx3QTNBQzhBT0FBdkFHUUFMd0JVQUM4QUxRQXhBQ3NBYWdCbkFDOEFkZ0F2QUVrQVRRQkhBQ01BWlFCdEFHSUFNd0EyQURjQVFRQXpBRGdBTkFCQkFEVUFMd0JBQURjQUx3QXpBR01BTHdCMEFEa0FMd0ExQUdjQUx3QXpBRE1BTHdCbUFDOEFWQUF2QURJQUt3QnFBR2NBTHdCM0FDOEFTUUJOQUVjQUl3QmxBRzBBWWdBMEFEWUFOUUJEQURZQVF3QTVBRUVBTUFBdkFFQUFOd0F2QURrQU1BQXZBSFFBT1FBdkFEVUFad0F2QURNQU13QXZBR1lBTHdCVUFDOEFNZ0FyQUdvQVp3QXZBSGdBTHdCSkFFMEFSd0FqQUdVQWJRQmlBRFVBTXdCR0FEUUFNZ0JFQUVZQVJnQTRBQzhBUUFBM0FDOEFaUUJ2QUM4QWRBQTVBQzhBTlFCbkFDOEFNd0F6QUM4QVpnQXZBRlFBTHdBeUFDc0FhZ0JuQUM4QWVRQXZBRWtBVFFCSEFDTUFaUUJ0QUdJQU5nQXpBRFlBTmdBMkFEWUFSZ0JFQURVQUx3QkFBRGNBTHdCckFHTUFMd0IwQURrQUx3QTFBR2NBTHdBekFETUFMd0JtQUM4QVZBQXZBRElBS3dCcUFHY0FMd0I2QUM4QVFBQTRBQzhBUUFBM0FDOEFjUUF3QUM4QWRBQTVBQzhBTlFCbkFDOEFNd0F6QUM4QVpnQXZBRlFBTHdBeUFDc0FlUUIxQUM4QU1RQXdBQzhBUUFBNUFDOEFRQUEzQUM4QWNBQjRBQzhBZEFBMkFDOEFlQUE1QUM4QU13QTVBQzhBWndBdkFGUUFMd0F5QUNzQWFnQm5BQzhBTVFBeEFDOEFRQUE0QUM4QVFBQTNBQzhBZGdCdkFDOEFkQUE1QUM4QU5RQm5BQzhBTXdBekFDOEFaZ0F2QUZRQUx3QXlBQ3NBZVFCMUFDOEFNUUF5QUM4QVFBQTVBQzhBUUFBM0FDOEFjUUF5QUM4QWRBQTJBQzhBZUFBNUFDOEFNd0E1QUM4QVp3QXZBRlFBTHdBeUFDc0FhZ0JuQUM4QU1RQXpBQzhBUUFBNEFDOEFRQUEzQUM4QU1RQXhBR01BTHdCMEFEa0FMd0ExQUdjQUx3QXpBRE1BTHdCbUFDOEFWQUF2QURJQUt3QjVBSFVBTHdBeEFEUUFMd0JBQURrQUx3QkFBRGNBTHdCeEFEY0FMd0IwQURZQUx3QjRBRGtBTHdBekFEa0FMd0JuQUM4QVZBQXZBRElBS3dCcUFHY0FMd0F4QURVQUx3QkFBRGdBTHdCQUFEY0FMd0F4QURjQU1BQXZBSFFBT1FBdkFEVUFad0F2QURNQU13QXZBR1lBTHdCVUFDOEFNZ0FyQUhrQWRRQXZBREVBTmdBdkFFQUFPUUF2QUVBQU53QXZBSEVBWXdBdkFIUUFOZ0F2QUhnQU9RQXZBRE1BT1FBdkFHY0FMd0JVQUM4QU1nQXJBR29BWndBdkFERUFOd0F2QUVBQU9BQXZBRUFBTndBdkFERUFZd0J2QUM4QWRBQTVBQzhBTlFCbkFDOEFNd0F6QUM4QVpnQXZBRlFBTHdBeUFDc0FlUUIxQUM4QU1RQTRBQzhBUUFBNUFDOEFRQUEzQUM4QWNRQm9BQzhBZEFBMkFDOEFlQUE1QUM4QU13QTVBQzhBWndBdkFGUUFMd0F5QUNzQWFnQm5BQzhBTVFBNUFDOEFRQUE0QUM4QVFBQTNBQzhBTVFCcEFHTUFMd0IwQURrQUx3QTFBR2NBTHdBekFETUFMd0JtQUM4QVZBQXZBRElBS3dCNUFIVUFMd0F4QUdFQUx3QkFBRGtBTHdCQUFEY0FMd0J4QUcwQUx3QjBBRFlBTHdCNEFEa0FMd0F6QURrQUx3Qm5BQzhBVkFBdkFESUFLd0I1QUhVQUx3QXhBR0lBTHdCQUFEa0FMd0JBQUdFQUx3QnRBR1lBTHdBMkFHWUFMd0F6QURJQUx3QXpBRElBTHdCaEFDOEFWQUF2QUMwQU1RQXJBR29BWndBdkFERUFZd0F2QUVBQU9RQXZBRUFBWVFBdkFHMEFkd0F2QURrQWNnQXZBSGNBTHdCM0FDOEFZd0F2QUZRQUx3QXRBREVBS3dCcUFHY0FMd0F4QUdRQUx3QkFBRGtBTHdCQUFHRUFMd0J3QURRQUx3QTVBSElBTHdCM0FDOEFkd0F2QUdNQUx3QlVBQzhBTFFBeEFDc0FhZ0JuQUM4QU1RQmxBQzhBUUFBNUFDOEFRQUJoQUM4QWNnQmpBQzhBT1FCeUFDOEFkd0F2QUhjQUx3QmpBQzhBVkFBdkFDMEFNUUFyQUdvQVp3QXZBREVBWmdBdkFFQUFPQUF2QUVBQVlRQXZBRzBBWmdBdkFHY0FlZ0F2QURJQU13QXZBRElBTXdBdkFHSUFMd0JVQUM4QUxRQXhBQ3NBZVFCMUFDOEFNUUJuQUM4QVFBQTVBQzhBUUFCaEFDOEFiUUJqQUM4QVp3QjNBQzhBTmdCc0FDOEFNZ0E1QUM4QVl3QXZBRlFBTHdBdEFERUFLd0JxQUdjQUx3QXhBR2dBTHdCQUFEZ0FMd0JBQUdFQUx3QnZBSE1BTHdCbkFIb0FMd0F5QURNQUx3QXlBRE1BTHdCaUFDOEFWQUF2QUMwQU1RQXJBSGtBZFFBdkFERUFhUUF2QUVBQU9RQXZBRUFBWVFBdkFHMEFhZ0F2QUdjQWR3QXZBRFlBYkFBdkFESUFPUUF2QUdNQUx3QlVBQzhBTFFBeEFDc0FhZ0JuQUM4QU1RQnFBQzhBUUFBNEFDOEFRQUJoQUM4QWNnQTFBQzhBWndCNkFDOEFNZ0F6QUM4QU1nQXpBQzhBWWdBdkFGUUFMd0F0QURFQUt3QjVBSFVBTHdBeEFHc0FMd0JBQURrQUx3QkFBR0VBTHdCdEFIRUFMd0JuQUhjQUx3QTJBR3dBTHdBeUFEa0FMd0JqQUM4QVZBQXZBQzBBTVFBckFHb0Fad0F2QURFQWJBQXZBRUFBT0FBdkFFQUFZUUF2QUcwQVpnQXZBRzBBTndBdkFESUFNd0F2QURJQU13QXZBR0lBTHdCVUFDOEFMUUF4QUNzQWVRQjFBQzhBTVFCdEFDOEFRQUE1QUM4QVFBQmhBQzhBYlFCakFDOEFiUUEwQUM4QU5nQnNBQzhBTWdBNUFDOEFZd0F2QUZRQUx3QXRBREVBS3dCcUFHY0FMd0F4QUc0QUx3QkFBRGdBTHdCQUFHRUFMd0J2QUhNQUx3QnRBRGNBTHdBeUFETUFMd0F5QURNQUx3QmlBQzhBVkFBdkFDMEFNUUFyQUhrQWRRQXZBREVBYndBdkFFQUFPUUF2QUVBQVlRQXZBRzBBYWdBdkFHMEFOQUF2QURZQWJBQXZBRElBT1FBdkFHTUFMd0JVQUM4QUxRQXhBQ3NBYWdCbkFDOEFNUUJ3QUM4QVFBQTRBQzhBUUFCaEFDOEFjZ0ExQUM4QWJRQTNBQzhBTWdBekFDOEFNZ0F6QUM4QVlnQXZBRlFBTHdBdEFERUFLd0I1QUhVQUx3QXhBSEVBTHdCQUFEa0FMd0JBQUdFQUx3QnRBSEVBTHdCdEFEUUFMd0EyQUd3QUx3QXlBRGtBTHdCakFDOEFWQUF2QUMwQU1RQWlBQ3dBSWdCRkFDSUFPZ0FpQURFQU5nQnZBQzhBYkFBdkFGZ0FMd0F5QURZQUx3QWlBQ3dBSWdCT0FDSUFPZ0FpQUMwQU1RQXZBREFBTHdBdkFDOEFaQUJ2QUdNQWRRQnRBR1VBYmdCMEFDOEFMd0J0QURBQUx3QXZBRFFBYlFBdkFDMEFNUUF2QURRQWJRQXZBRFFBYlFBdkFEUUFiZ0F2QUd3QWNRQXJBRFFBZUFBdkFERUFMd0J1QUM4QVFBQmlBQzhBY3dCcEFHMEFad0FsQURJQVJnQlRBR2dBWVFCeUFHVUFaQUJUQUhBQWNnQnBBSFFBWlFCRUFHVUFjd0JyQUhRQWJ3QndBRklBWlFCM0FHRUFjZ0JrQUhNQVh3QXdBRElBTWdBeEFERUFPQUF1QUhBQWJnQm5BQzhBUUFCbEFDOEFNQUF2QUVBQVl3QXZBRFFBZUFBdkFDMEFNUUF2QURRQWVBQXZBRFFBZUFBdkFEUUFlQUF2QURRQWVBQXJBR29BTVFBdkFESUFMd0F2QUVBQVlnQXZBRFlBTVFBMUFEQUFOUUJrQURrQU1nQWxBRElBUmdBeUFEVUFaQUJrQUdZQU1nQTRBRGdBTGdCd0FHNEFad0F2QUVBQVpBQXZBREFBTHdCQUFHTUFMd0JxQURFQUx3QXRBREVBTHdCcUFERUFMd0JxQURFQUx3QnFBREVBTHdCcUFERUFLd0JxQURFQUx3QXpBQzhBTHdCQUFHSUFMd0JsQUdFQVpBQTNBRGNBTkFBeEFEVUFKUUF5QUVZQU13QTVBRE1BT0FCbUFHUUFNQUE0QUM0QWNBQnVBR2NBTHdCQUFHUUFMd0F3QUM4QVFBQmpBQzhBYWdBeEFDOEFMUUF4QUM4QWFnQXhBQzhBYWdBeEFDOEFhZ0F4QUM4QWFnQXhBQ3NBYlFBMUFDOEFOQUF2QUM4QVFBQmlBQzhBWXdCd0FIUUFMd0JBQUdVQUx3QXpBRGdBTHdCQUFHTUFMd0J0QURnQUx3QXRBREVBTHdCdEFEZ0FMd0J0QURnQUx3QXRBREVBTHdCd0FHUUFLd0J0QUdJQUx3QTFBQzhBTHdCQUFHSUFMd0JzQUhNQUpRQXlBRVlBYkFCekFIQUFMZ0JoQUhNQWNBQjRBQzhBZUFCdEFHd0FhQUIwQUhRQWNBQnlBR1VBY1FCMUFHVUFjd0IwQUM4QU13QjRBQzhBUUFCakFDOEFiUUJzQUM4QUxRQXhBQzhBYlFCc0FDOEFjQUJtQUM4QWNRQTNBQzhBY1FBNEFDc0FiUUJsQUM4QU5nQXZBQzhBUUFCaUFDOEFNd0JsQURZQVlRQTNBR1FBTndBMUFDVUFNZ0JHQURrQVlRQXpBRFVBT0FBekFEQUFNQUF1QUdvQWN3QXZBRUFBWndBdkFEUUFMd0JBQUdNQUx3QnRBR2tBTHdBdEFERUFMd0J0QUdrQUx3QnRBR2tBTHdCdEFHa0FMd0J0QUdvQUt3QnlBRE1BTHdBM0FDOEFNUUF3QUM4QVFBQmlBQzhBZEFCb0FDOEFRQUJsQUM4QVlRQXZBRUFBWXdBdkFISUFPQUF2QUMwQU1RQXZBSElBT0FBdkFISUFPQUF2QUhJQU9BQXZBSElBWlFBckFISUFPUUF2QURnQUx3QXhBR0lBTHdCQUFHSUFMd0IwQUdnQUx3QkFBR1VBTHdBM0FDOEFRQUJqQUM4QWNnQmxBQzhBTFFBeEFDOEFjZ0JsQUM4QWNnQmxBQzhBY2dCbEFDOEFjZ0JvQUNzQWNnQm1BQzhBT1FBdkFERUFad0F2QUVBQVlnQXZBSFFBYUFBdkFFQUFaUUF2QURZQUx3QkFBR01BTHdCeUFHb0FMd0F0QURFQUx3QnlBR29BTHdCeUFHb0FMd0J5QUdvQUx3QnlBR3dBS3dCeUFHc0FMd0JoQUM4QU1RQnRBQzhBUUFCaUFDOEFkQUJvQUM4QVFBQmxBQzhBTmdBdkFFQUFZd0F2QUhJQWNBQXZBQzBBTVFBdkFISUFjQUF2QUhJQWNBQXZBSElBY0FBdkFISUFjZ0FyQUhJQWNRQXZBR0lBTHdBdkFFQUFZZ0F2QUVBQVpnQXZBRUFBWlFBdkFEUUFMd0JBQUdNQUx3QnlBSFFBTHdBdEFERUFMd0J5QUhRQUx3QnlBSFFBTHdCeUFIUUFMd0J5QUhVQUt3QnlBSFlBTHdCakFDOEFMd0JBQUdJQUx3QkFBR2dBTHdCQUFHVUFMd0EwQUM4QVFBQmpBQzhBY2dCNkFDOEFMUUF4QUM4QWNnQjZBQzhBY2dCNkFDOEFjZ0I2QUM4QWN3QXdBQ3NBY3dBd0FDOEFaQUF2QUM4QVFBQmlBQzhBUUFCcEFDOEFRQUJsQUM4QU13QXZBRUFBWXdBdkFITUFNd0F2QUMwQU1RQXZBSE1BTXdBdkFITUFNd0F2QUhNQU13QXZBSE1BTkFBckFITUFOUUF2QUdVQUx3QXZBRUFBWWdBdkFFQUFhZ0F2QUVBQVpRQXZBRE1BTHdCQUFHTUFMd0J6QURnQUx3QXRBREVBTHdCekFEZ0FMd0J6QURnQUx3QnpBRGdBTHdCekFEZ0FLd0J6QURrQUx3Qm1BQzhBTHdCQUFHSUFMd0JBQUdzQUx3QkFBR1VBTHdBekFDOEFRQUJqQUM4QWN3QmpBQzhBTFFBeEFDOEFjd0JqQUM4QWN3QmpBQzhBY3dCakFDOEFjd0JqQUNzQWN3QmtBQzhBWndBdkFDOEFRQUJpQUM4QVFBQnNBQzhBUUFCbEFDOEFNd0F2QUVBQVl3QXZBSE1BWndBdkFDMEFNUUF2QUhNQVp3QXZBSE1BWndBdkFITUFad0F2QUhNQWFBQXJBSE1BYVFBdkFHZ0FMd0F2QUVBQVlnQXZBRUFBYlFBdkFFQUFaUUF2QURRQUx3QkFBR01BTHdCekFHMEFMd0F0QURFQUx3QnpBRzBBTHdCekFHMEFMd0J6QUcwQUx3QnpBRzBBS3dCekFHNEFMd0JwQUM4QUx3QkFBR0lBTHdCQUFHNEFMd0JBQUdVQUx3QTBBQzhBUUFCakFDOEFjd0J5QUM4QUxRQXhBQzhBY3dCeUFDOEFjd0J5QUM4QWN3QnlBQzhBY3dCeUFDc0Fjd0IwQUM4QWFnQXZBQzhBUUFCaUFDOEFRQUJ2QUM4QVFBQmxBQzhBTXdBdkFFQUFZd0F2QUhNQWR3QXZBQzBBTVFBdkFITUFkd0F2QUhNQWR3QXZBSE1BZHdBdkFITUFkd0FyQUhNQWVBQXZBR3NBTHdBdkFFQUFZZ0F2QUVBQWNBQXZBRUFBWlFBdkFETUFMd0JBQUdNQUx3QjBBREFBTHdBdEFERUFMd0IwQURBQUx3QjBBREFBTHdCMEFEQUFMd0IwQURBQUt3QjBBRElBTHdCc0FDOEFMd0JBQUdJQUx3QkFBSEVBTHdCQUFHVUFMd0F6QUM4QVFBQmpBQzhBZEFBMEFDOEFMUUF4QUM4QWRBQTBBQzhBZEFBMEFDOEFkQUEwQUM4QWRBQTFBQ3NBZEFBMkFDOEFiUUF2QUM4QVFBQmlBQzhBUUFCeUFDOEFRQUJsQUM4QU13QXZBRUFBWXdBdkFIUUFPQUF2QUMwQU1RQXZBSFFBT0FBdkFIUUFPQUF2QUhRQU9BQXZBSFFBT1FBckFIUUFZZ0F2QUc0QUx3QXZBRUFBWWdBdkFFQUFjd0F2QUVBQVpRQXZBRElBTHdCQUFHTUFMd0IwQUdRQUx3QXRBREVBTHdCMEFHUUFMd0IwQUdRQUx3QjBBR1FBTHdCMEFHVUFLd0IwQUdVQUx3QnZBQzhBTHdCQUFHSUFMd0JBQUhRQUx3QkFBR1VBTHdBekFDOEFRQUJqQUM4QWRBQm9BQzhBTFFBeEFDOEFkQUJvQUM4QWRBQm9BQzhBZEFCb0FDOEFkQUJwQUNzQWRBQnFBQzhBY0FBdkFDOEFRQUJpQUM4QVFBQjFBQzhBUUFCbEFDOEFNd0F2QUVBQVl3QXZBSFFBYlFBdkFDMEFNUUF2QUhRQWJRQXZBSFFBYlFBdkFIUUFiUUF2QUhRQWJRQXJBSFFBYmdBdkFIRUFMd0F2QUVBQVlnQXZBRUFBZGdBdkFFQUFaUUF2QURNQUx3QkFBR01BTHdCMEFIRUFMd0F0QURFQUx3QjBBSEVBTHdCMEFIRUFMd0IwQUhFQUx3QjBBSElBS3dCMEFISUFMd0J5QUM4QUx3QkFBR0lBTHdCQUFIY0FMd0JBQUdVQUx3QXpBQzhBUUFCakFDOEFkQUIxQUM4QUxRQXhBQzhBZEFCMUFDOEFkQUIxQUM4QWRBQjFBQzhBZEFCMkFDc0FkQUIzQUM4QWN3QXZBQzhBUUFCaUFDOEFRQUI0QUM4QVFBQmxBQzhBTXdBdkFFQUFZd0F2QUhRQWVnQXZBQzBBTVFBdkFIUUFlZ0F2QUhRQWVnQXZBSFFBZWdBdkFIUUFlZ0FyQUhVQU1RQXZBSFFBTHdBdkFFQUFZZ0F2QUVBQWVRQXZBRUFBWlFBdkFETUFMd0JBQUdNQUx3QjFBRFFBTHdBdEFERUFMd0IxQURRQUx3QjFBRFFBTHdCMUFEUUFMd0IxQURRQUt3QjFBRGdBTHdCMUFDOEFMd0JBQUdJQUx3QkFBR1lBTHdCQUFHY0FMd0F6QUM4QVFBQmpBQzhBZFFCaUFDOEFMUUF4QUM4QWRRQmlBQzhBZFFCaUFDOEFkUUJpQUM4QWRRQmlBQ3NBZFFCbkFDOEFkZ0F2QUM4QVFBQmlBQzhBUUFCb0FDOEFRQUJuQUM4QU13QXZBRUFBWXdBdkFIVUFhZ0F2QUMwQU1RQXZBSFVBYWdBdkFIVUFhZ0F2QUhVQWFnQXZBSFVBYWdBckFIVUFiUUF2QUhjQUx3QXZBRUFBWWdBdkFFQUFhUUF2QUVBQVp3QXZBRE1BTHdCQUFHTUFMd0IxQUhBQUx3QXRBREVBTHdCMUFIQUFMd0IxQUhBQUx3QjFBSEFBTHdCMUFIQUFLd0IxQUhNQUx3QjRBQzhBTHdCQUFHSUFMd0JBQUdvQUx3QkFBR2NBTHdBekFDOEFRQUJqQUM4QWRRQjJBQzhBTFFBeEFDOEFkUUIyQUM4QWRRQjJBQzhBZFFCMkFDOEFkUUIyQUNzQWRnQXdBQzhBZVFBdkFDOEFRQUJpQUM4QVFBQnJBQzhBUUFCbkFDOEFNZ0F2QUVBQVl3QXZBSFlBTXdBdkFDMEFNUUF2QUhZQU13QXZBSFlBTXdBdkFIWUFNd0F2QUhZQU13QXJBSFlBT1FBdkFIb0FMd0F2QUVBQVlnQXZBRUFBYkFBdkFFQUFad0F2QURNQUx3QkFBR01BTHdCMkFHTUFMd0F0QURFQUx3QjJBR01BTHdCMkFHTUFMd0IyQUdNQUx3QjJBR01BS3dCMkFIQUFMd0F4QURBQUx3QXZBRUFBWWdBdkFFQUFiUUF2QUVBQVp3QXZBRE1BTHdCQUFHTUFMd0IyQUhNQUx3QXRBREVBTHdCMkFITUFMd0IyQUhNQUx3QjJBSE1BTHdCMkFITUFLd0IyQUhnQUx3QXhBREVBTHdBdkFFQUFZZ0F2QUVBQWJnQXZBRUFBWndBdkFETUFMd0JBQUdNQUx3QjNBREFBTHdBdEFERUFMd0IzQURBQUx3QjNBREFBTHdCM0FEQUFMd0IzQURBQUt3QjNBRE1BTHdBeEFESUFMd0F2QUVBQVlnQXZBRUFBYndBdkFFQUFad0F2QURJQUx3QkFBR01BTHdCM0FEVUFMd0F0QURFQUx3QjNBRFVBTHdCM0FEVUFMd0IzQURVQUx3QjNBRFlBS3dCM0FEZ0FMd0F4QURNQUx3QXZBRUFBWWdBdkFFQUFjQUF2QUVBQVp3QXZBRE1BTHdCQUFHTUFMd0IzQUdJQUx3QXRBREVBTHdCM0FHSUFMd0IzQUdJQUx3QjNBR0lBTHdCM0FHSUFLd0IzQUdZQUx3QXhBRFFBTHdBdkFFQUFZZ0F2QUVBQWNRQXZBRUFBWndBdkFESUFMd0JBQUdNQUx3QjNBR2dBTHdBdEFERUFMd0IzQUdnQUx3QjNBR2dBTHdCM0FHZ0FMd0IzQUdrQUt3QjNBR3NBTHdBeEFEVUFMd0F2QUVBQVlnQXZBRUFBY2dBdkFFQUFad0F2QURJQUx3QkFBR01BTHdCM0FHNEFMd0F0QURFQUx3QjNBRzRBTHdCM0FHNEFMd0IzQUc0QUx3QjNBRzRBS3dCM0FIRUFMd0F4QURZQUx3QXZBRUFBWWdBdkFFQUFjd0F2QUVBQVp3QXZBRElBTHdCQUFHTUFMd0IzQUhRQUx3QXRBREVBTHdCM0FIUUFMd0IzQUhRQUx3QjNBSFFBTHdCM0FIUUFLd0IzQUhZQUx3QXhBRGNBTHdBdkFFQUFZZ0F2QUVBQWRBQXZBRUFBWndBdkFESUFMd0JBQUdNQUx3QjNBSGtBTHdBdEFERUFMd0IzQUhrQUx3QjNBSGtBTHdCM0FIa0FMd0IzQUhrQUt3QjRBREVBTHdBeEFEZ0FMd0F2QUVBQVlnQXZBRUFBZFFBdkFFQUFad0F2QURJQUx3QkFBR01BTHdCNEFETUFMd0F0QURFQUx3QjRBRE1BTHdCNEFETUFMd0I0QURNQUx3QjRBRFFBS3dCNEFHVUFMd0F4QURrQUx3QXZBRUFBWWdBdkFFQUFkZ0F2QUVBQVp3QXZBRElBTHdCQUFHTUFMd0I0QUdnQUx3QXRBREVBTHdCNEFHZ0FMd0I0QUdnQUx3QjRBR2dBTHdCNEFHZ0FLd0I0QUdvQUx3QXhBR0VBTHdBdkFFQUFZZ0F2QUVBQWR3QXZBRUFBWndBdkFESUFMd0JBQUdNQUx3QjRBRzBBTHdBdEFERUFMd0I0QUcwQUx3QjRBRzBBTHdCNEFHMEFMd0I0QUcwQUt3QjRBSEVBTHdBeEFHSUFMd0F2QUVBQVlnQXZBRUFBZUFBdkFFQUFad0F2QURNQUx3QkFBR01BTHdCNEFIUUFMd0F0QURFQUx3QjRBSFFBTHdCNEFIUUFMd0I0QUhRQUx3QjRBSFFBS3dCNEFIWUFMd0F4QUdNQUx3QXZBRUFBWWdBdkFFQUFlUUF2QUVBQVp3QXZBRElBTHdCQUFHTUFMd0I0QUhrQUx3QXRBREVBTHdCNEFIa0FMd0I0QUhrQUx3QjRBSGtBTHdCNEFIa0FLd0I1QURRQUx3QXhBR1FBTHdCMkFDOEFRQUJpQUM4QWRBQm9BQzhBUUFCbEFDOEFOQUF2QUVBQVl3QXZBSGtBTmdBdkFDMEFNUUF2QUhrQU5nQXZBSGtBTmdBdkFIa0FOZ0F2QUhrQU9RQXJBSGtBTndBdkFERUFaUUF2QUhjQUx3QkFBR0lBTHdCMEFHZ0FMd0JBQUdVQUx3QTFBQzhBUUFCakFDOEFlUUJoQUM4QUxRQXhBQzhBZVFCaEFDOEFlUUJoQUM4QWVRQmhBQzhBZVFCa0FDc0FlUUJpQUM4QU1RQm1BQzhBZUFBdkFFQUFZZ0F2QUhRQWFBQXZBRUFBWlFBdkFEWUFMd0JBQUdNQUx3QjVBR1lBTHdBdEFERUFMd0I1QUdZQUx3QjVBR1lBTHdCNUFHWUFMd0I1QUdnQUt3QjVBR1lBTHdBeEFHY0FMd0I1QUM4QVFBQmlBQzhBZEFCb0FDOEFRQUJsQUM4QU5BQXZBRUFBWXdBdkFIa0FhUUF2QUMwQU1RQXZBSGtBYVFBdkFIa0FhUUF2QUhrQWFRQXZBSGtBYXdBckFIb0FPUUF2QURFQWFBQXZBQzhBUUFCaUFDOEFjQUJ3QUhRQUx3QkFBR1VBTHdBekFHZ0FMd0JBQUdNQUx3QjZBR0VBTHdBdEFERUFMd0I2QUdFQUx3QjZBR0lBTHdBdEFERUFMd0F4QURJQWNRQWlBSDBBWFFCZEFGMEFQZ0E4QUM4QVJBQStBRHdBTHdCRkFENEFQQUF2QUVVQWRnQmxBRzRBZEFCekFENEFQQUJUQUZRQVV3QStBREVBTlFBMEFEWUFOUUF6QURjQU13QTJBRGdBTkFBeUFEZ0FQQUF2QUZNQVZBQlRBRDRBUEFBdkFFTUFiQUJwQUdVQWJnQjBBRWtBYmdCekFIUUFVZ0JsQUhFQWRRQmxBSE1BZEFBK0FBPT08L1N0cmluZ0h0dHBCb2R5Pg0KICAgIDwvUmVxdWVzdD4NCiAgICA8UmVxdWVzdCBNZXRob2Q9IlBPU1QiIEd1aWQ9IjY2ZWYzY2Y2LTI0MDYtNDA1OS1iMDQxLWI2ZTZjZTNjZGYyNiIgVmVyc2lvbj0iMS4xIiBVcmw9Imh0dHBzOi8vd3d3LmJpbmcuY29tL2ZkL2xzL2xzcC5hc3B4IiBUaGlua1RpbWU9IjUiIFRpbWVvdXQ9IjMwMCIgUGFyc2VEZXBlbmRlbnRSZXF1ZXN0cz0iVHJ1ZSIgRm9sbG93UmVkaXJlY3RzPSJUcnVlIiBSZWNvcmRSZXN1bHQ9IlRydWUiIENhY2hlPSJGYWxzZSIgUmVzcG9uc2VUaW1lR29hbD0iMCIgRW5jb2Rpbmc9InV0Zi04IiBFeHBlY3RlZEh0dHBTdGF0dXNDb2RlPSIwIiBFeHBlY3RlZFJlc3BvbnNlVXJsPSIiIFJlcG9ydGluZ05hbWU9IiIgSWdub3JlSHR0cFN0YXR1c0NvZGU9IkZhbHNlIj4NCiAgICAgIDxIZWFkZXJzPg0KICAgICAgICA8SGVhZGVyIE5hbWU9IlJlZmVyZXIiIFZhbHVlPSJodHRwczovL3d3dy5iaW5nLmNvbS9zZWFyY2g/cT13d3cuZ29vZ2xlLmNvbSZhbXA7c3JjPUlFLVNlYXJjaEJveCZhbXA7Rk9STT1JRVNSNEEmYW1wO3BjPUVVUFBfIiAvPg0KICAgICAgPC9IZWFkZXJzPg0KICAgICAgPFN0cmluZ0h0dHBCb2R5IENvbnRlbnRUeXBlPSJ0ZXh0L3htbCIgSW5zZXJ0Qnl0ZU9yZGVyTWFyaz0iRmFsc2UiPlBBQkRBR3dBYVFCbEFHNEFkQUJKQUc0QWN3QjBBRklBWlFCeEFIVUFaUUJ6QUhRQVBnQThBRVVBZGdCbEFHNEFkQUJ6QUQ0QVBBQkZBRDRBUEFCVUFENEFSUUIyQUdVQWJnQjBBQzRBUXdCc0FHa0FaUUJ1QUhRQVNRQnVBSE1BZEFBOEFDOEFWQUErQUR3QVNRQkhBRDRBUWdBMEFFTUFRUUEzQURRQU13QkJBREFBUlFBMEFETUFOQUEzQURnQU9RQkNBRFlBTlFCQ0FEY0FRd0JCQURFQU5RQTRBRVVBTXdBeEFFUUFNUUJFQUR3QUx3QkpBRWNBUGdBOEFGUUFVd0ErQURFQU5RQTBBRFlBTlFBekFEY0FNd0EzQURJQU1BQXhBRGNBUEFBdkFGUUFVd0ErQUR3QVJBQStBRHdBSVFCYkFFTUFSQUJCQUZRQVFRQmJBRnNBZXdBaUFGUUFJZ0E2QUNJQVF3QkpBQzRBUWdCdkFIZ0FUUUJ2QUdRQVpRQnNBQ0lBTEFBaUFFWUFTUUJFQUNJQU9nQWlBRU1BU1FBaUFDd0FJZ0JPQUdFQWJRQmxBQ0lBT2dBaUFIWUFNZ0F1QURnQUlnQXNBQ0lBVXdCV0FDSUFPZ0FpQURRQUlnQXNBQ0lBVUFBaUFEb0Fld0FpQUVNQUlnQTZBREVBTlFBc0FDSUFUZ0FpQURvQU1nQXNBQ0lBU1FBaUFEb0FJZ0EzQURVQWFRQWlBQ3dBSWdCVEFDSUFPZ0FpQUVNQUt3QkNBRVFBSWdBc0FDSUFUUUFpQURvQUlnQldBQ3NBVEFBckFFMEFLd0JOQUZRQUt3QkZBQ3NBVGdBckFFTUFLd0JMQUNzQVFnQkVBQ0lBTEFBaUFGUUFJZ0E2QURVQU1RQXpBRE1BTEFBaUFFc0FJZ0E2QUNJQU1RQTNBREFBS3dCd0FHOEFhUUJ1QUhRQVpRQnlBRzBBYndCMkFHVUFJZ0FzQUNJQVJnQWlBRG9BTUFCOUFDd0FJZ0JGQUNJQU9nQWlBRE1BZVFCb0FDOEFiQUF2QUZnQUx3QXlBRFlBTHdBaUFDd0FJZ0JPQUNJQU9nQWlBREVBTmdCNUFDOEFNUUJwQUM4QUx3QkFBR0lBTHdCc0FITUFKUUF5QUVZQWJBQnpBSEFBTGdCaEFITUFjQUI0QUM4QWVBQnRBR3dBYUFCMEFIUUFjQUJ5QUdVQWNRQjFBR1VBY3dCMEFDOEFNd0JzQUM4QVFBQmpBQzhBUUFCNkFDOEFMUUF4QUM4QVFBQjZBQzhBTVFBNUFIY0FMd0F4QUdFQVp3QXZBREVBWVFCcUFDSUFMQUFpQUVNQUlnQTZBQ0lBTWdCaUFEa0FMd0F2QUVBQU1RQXdBQzhBYlFCdkFIVUFjd0JsQUM4QUxRQXhBQzhBTXdBdkFERUFPQUF2QURBQUt3QXlBR01BWVFBdkFDOEFMd0F2QUM4QVpnQXZBREVBWWdBdkFDc0FNZ0JsQUhJQUx3QXZBQzhBTHdBdkFIQUFMd0F4QUdVQUx3QXJBRE1BTUFBNEFDOEFMd0F2QUM4QUx3QXhBRE1BTHdBeEFHa0FMd0FyQURNQU1BQm5BQzhBTHdBdkFDOEFMd0F4QUhjQUx3QXlBREVBTHdBckFETUFNQUJ5QUM4QU1BQXZBQzhBTHdBdkFETUFOZ0F2QURJQWVBQXZBQ3NBTXdBeEFEY0FMd0EwQUM4QUx3QXZBQzhBTkFBeEFDOEFNd0J2QUM4QUt3QXpBREVBWWdBdkFDOEFMd0F2QUM4QU5BQjFBQzhBTkFCbUFDOEFLd0F6QURFQWFnQXZBRGdBTHdBdkFDOEFMd0ExQUdrQUx3QTFBRFVBTHdBckFETUFNUUIwQUM4QUx3QXZBQzhBTHdBMUFIb0FMd0ExQUhBQUx3QXJBRE1BTWdBekFDOEFMd0F2QUM4QUx3QTJBR2dBTHdBMkFHSUFMd0FyQURNQU1nQmpBQzhBTHdBdkFDOEFMd0EyQUhVQUx3QTJBSFlBTHdBckFETUFNZ0J1QUM4QUx3QXZBQzhBTHdBM0FEWUFMd0EzQUdRQUx3QXJBRE1BTWdCM0FDOEFMd0F2QUM4QUx3QTNBR01BTHdBM0FIWUFMd0FyQURNQVlnQTFBQzhBTHdBdkFDOEFMd0EzQUhnQUx3QTRBSGNBTHdBckFETUFZZ0JtQUM4QUx3QXZBQzhBTHdBNEFIa0FMd0JoQUdJQUx3QXJBRE1BWWdCd0FDOEFMd0F2QUM4QUx3QTVBRzRBTHdCaUFHY0FMd0FyQURNQVlnQjZBQzhBTHdBdkFDOEFMd0JoQURVQUx3QmpBR1VBTHdBckFETUFZd0E1QUM4QUx3QXZBQzhBTHdCaEFHMEFMd0JrQUdnQUx3QXJBRE1BWXdCcUFDOEFMd0F2QUM4QUx3QmhBSGtBTHdCbEFHZ0FMd0FyQURNQVl3QjBBQzhBTHdBdkFDOEFMd0JpQURrQUx3Qm1BR3dBTHdBckFETUFaQUF5QUM4QUx3QXZBQzhBTHdCaUFHWUFMd0JuQUdFQUx3QWlBQ3dBSWdCQ0FFUUFJZ0E2QUNJQU1nQmlBR0VBTHdCQUFERUFNQUF2QURFQU5RQTBBRFlBTlFBekFEY0FNd0EzQURBQUlnQjlBRjBBWFFCZEFENEFQQUF2QUVRQVBnQThBQzhBUlFBK0FEd0FMd0JGQUhZQVpRQnVBSFFBY3dBK0FEd0FVd0JVQUZNQVBnQXhBRFVBTkFBMkFEVUFNd0EzQURNQU53QXlBREFBTVFBM0FEd0FMd0JUQUZRQVV3QStBRHdBTHdCREFHd0FhUUJsQUc0QWRBQkpBRzRBY3dCMEFGSUFaUUJ4QUhVQVpRQnpBSFFBUGdBPTwvU3RyaW5nSHR0cEJvZHk+DQogICAgPC9SZXF1ZXN0Pg0KICAgIDxSZXF1ZXN0IE1ldGhvZD0iUE9TVCIgR3VpZD0iYzVkNmU2MDItNDliZS00ODYyLTg5YjItZjNkYTBiMzMzYzk1IiBWZXJzaW9uPSIxLjEiIFVybD0iaHR0cHM6Ly93d3cuYmluZy5jb20vZmQvbHMvbHNwLmFzcHgiIFRoaW5rVGltZT0iMSIgVGltZW91dD0iMzAwIiBQYXJzZURlcGVuZGVudFJlcXVlc3RzPSJUcnVlIiBGb2xsb3dSZWRpcmVjdHM9IlRydWUiIFJlY29yZFJlc3VsdD0iVHJ1ZSIgQ2FjaGU9IkZhbHNlIiBSZXNwb25zZVRpbWVHb2FsPSIwIiBFbmNvZGluZz0idXRmLTgiIEV4cGVjdGVkSHR0cFN0YXR1c0NvZGU9IjAiIEV4cGVjdGVkUmVzcG9uc2VVcmw9IiIgUmVwb3J0aW5nTmFtZT0iIiBJZ25vcmVIdHRwU3RhdHVzQ29kZT0iRmFsc2UiPg0KICAgICAgPEhlYWRlcnM+DQogICAgICAgIDxIZWFkZXIgTmFtZT0iUmVmZXJlciIgVmFsdWU9Imh0dHBzOi8vd3d3LmJpbmcuY29tL3NlYXJjaD9xPXd3dy5nb29nbGUuY29tJmFtcDtzcmM9SUUtU2VhcmNoQm94JmFtcDtGT1JNPUlFU1I0QSZhbXA7cGM9RVVQUF8iIC8+DQogICAgICA8L0hlYWRlcnM+DQogICAgICA8U3RyaW5nSHR0cEJvZHkgQ29udGVudFR5cGU9InRleHQveG1sIiBJbnNlcnRCeXRlT3JkZXJNYXJrPSJGYWxzZSI+UEFCREFHd0FhUUJsQUc0QWRBQkpBRzRBY3dCMEFGSUFaUUJ4QUhVQVpRQnpBSFFBUGdBOEFFVUFkZ0JsQUc0QWRBQnpBRDRBUEFCRkFENEFQQUJVQUQ0QVJRQjJBR1VBYmdCMEFDNEFRd0JzQUdrQVpRQnVBSFFBU1FCdUFITUFkQUE4QUM4QVZBQStBRHdBU1FCSEFENEFRZ0EwQUVNQVFRQTNBRFFBTXdCQkFEQUFSUUEwQURNQU5BQTNBRGdBT1FCQ0FEWUFOUUJDQURjQVF3QkJBREVBTlFBNEFFVUFNd0F4QUVRQU1RQkVBRHdBTHdCSkFFY0FQZ0E4QUZRQVV3QStBREVBTlFBMEFEWUFOUUF6QURjQU13QTNBRGNBTkFBd0FEa0FQQUF2QUZRQVV3QStBRHdBUkFBK0FEd0FJUUJiQUVNQVJBQkJBRlFBUVFCYkFGc0Fld0FpQUZRQUlnQTZBQ0lBUXdCSkFDNEFRZ0J2QUhnQVRRQnZBR1FBWlFCc0FDSUFMQUFpQUVZQVNRQkVBQ0lBT2dBaUFFTUFTUUFpQUN3QUlnQk9BR0VBYlFCbEFDSUFPZ0FpQUhZQU1nQXVBRGdBSWdBc0FDSUFVd0JXQUNJQU9nQWlBRFFBSWdBc0FDSUFVQUFpQURvQWV3QWlBRU1BSWdBNkFEVUFMQUFpQUU0QUlnQTZBRE1BTEFBaUFFa0FJZ0E2QUNJQU53QTFBR2tBSWdBc0FDSUFVd0FpQURvQUlnQkZBQ3NBUXdBaUFDd0FJZ0JOQUNJQU9nQWlBRllBS3dCTUFDc0FUUUFyQUUwQVZBQXJBRVVBS3dCT0FDc0FRd0FyQUVzQUt3QkNBRVFBSWdBc0FDSUFWQUFpQURvQU1RQXdBRFVBTWdBMUFDd0FJZ0JMQUNJQU9nQWlBRE1BZVFCeEFDSUFMQUFpQUVZQUlnQTZBREFBZlFBc0FDSUFSUUFpQURvQUlnQTRBRFFBWWdBdkFHd0FMd0JZQUM4QU1nQTJBQzhBSWdBc0FDSUFUZ0FpQURvQUlnQXpBSGtBYmdBdkFERUFhZ0F2QUM4QVFBQmlBQzhBYkFCekFDVUFNZ0JHQUd3QWN3QndBQzRBWVFCekFIQUFlQUF2QUhnQWJRQnNBR2dBZEFCMEFIQUFjZ0JsQUhFQWRRQmxBSE1BZEFBdkFETUFPUUF2QUVBQVl3QXZBRUFBTVFBeEFDOEFMUUF4QUM4QVFBQXhBREVBTHdBMEFERUFhd0F2QURRQU1RQjFBQzhBTkFBeEFIZ0FJZ0FzQUNJQVF3QWlBRG9BSWdBMUFEUUFZUUF2QUM4QUx3QXZBQzhBYXdCMEFDOEFad0JtQUM4QUt3QTFBRFFBYXdBdkFHd0FMd0F2QUM4QUx3QnRBREFBTHdCbkFEWUFMd0FyQURVQU5BQjFBQzhBTHdBdkFDOEFMd0J1QURRQUx3Qm1BSGtBTHdBckFEVUFOUUF6QUM4QUx3QXZBQzhBTHdCdkFESUFMd0JtQUhRQUx3QXJBRFVBTlFCakFDOEFMd0F2QUM4QUx3QnZBR3NBTHdCbUFISUFMd0FyQURVQU5RQnVBQzhBTHdBdkFDOEFMd0J2QUhrQUx3QXZBQ3NBTlFCakFIUUFMd0F2QUM4QUx3QXZBSEFBTndBdkFHWUFiUUF2QUNzQU5RQmxBRGNBTHdBdkFDOEFMd0F2QUhBQU1nQXZBR1lBWkFBdkFDc0FOUUJtQUdJQUx3QXZBQzhBTHdBdkFHOEFkUUF2QUdZQU5nQXZBQ3NBTlFCbkFHNEFMd0F2QUM4QUx3QXZBRzhBYkFBdkFHVUFlZ0F2QUNzQU5RQnZBSGdBTHdBdkFDOEFMd0F2QUc4QU9RQXZBR1VBYlFBdkFDc0FOUUJ3QURZQUx3QXZBQzhBTHdBdkFHNEFjZ0F2QUdVQU5nQXZBQ3NBTlFCd0FHY0FMd0F2QUM4QUx3QXZBRzRBWlFBdkFHUUFkZ0F2QUNzQU5RQnhBR3dBTHdBdkFDOEFMd0F2QUc0QU5RQXZBR1FBY0FBdkFDc0FOUUIzQUdRQUx3QXZBQzhBTHdBdkFHMEFkd0F2QUdRQWF3QXZBQ3NBTmdBNUFEUUFMd0F2QUM4QUx3QXZBRzBBWndBdkFDOEFLd0EyQURrQVp3QXZBQzhBTHdBdkFDOEFiQUJxQUM4QUx3QXJBRFlBT1FCdUFDOEFPQUF2QUM4QUx3QXZBR3NBT0FBdkFHUUFaUUF2QUNzQU5nQmhBRElBTHdBdkFDOEFMd0F2QUdvQVpBQXZBR1FBT1FBdkFDc0FOZ0JoQURjQUx3QXZBQzhBTHdBdkFHa0FhZ0F2QUdRQU1nQXZBQ3NBTmdCaEFHZ0FMd0F2QUM4QUx3QXZBR2tBTXdBdkFHTUFlZ0F2QUNzQU5nQmhBSElBTHdBdkFDOEFMd0F2QUdnQWJnQXZBR01BZGdBdkFDc0FOZ0JqQUc0QUx3QXZBQzhBTHdBdkFHZ0FaQUF2QUdNQWRRQXZBQ3NBTmdCckFEUUFMd0F2QUM4QUx3QXZBR2NBZUFBdkFHUUFNQUF2QUNzQU5nQnJBR1VBTHdBdkFDOEFMd0F2QUdZQWVBQXZBR1FBWlFBdkFDc0FOZ0JyQUc4QUx3QXZBQzhBTHdBdkFHWUFPQUF2QUdRQWNRQXZBQ3NBTmdCckFIa0FMd0F2QUM4QUx3QXZBR1VBYmdBdkFHUUFlUUF2QUNzQU5nQnNBR29BTHdBdkFDOEFMd0F2QUdVQVpRQXZBR1VBTXdBdkFDc0FOZ0J0QUhZQUx3QXZBQzhBTHdBdkFHVUFPQUF2QUdVQVl3QXZBQ3NBTmdCdkFEZ0FMd0F2QUM4QUx3QXZBR1VBTndBdkFHVUFid0F2QUNzQU5nQndBR01BTHdBdkFDOEFMd0F2QUdVQU9BQXZBR1VBZVFBdkFDc0FOZ0IzQUdrQUx3QXZBQzhBTHdBdkFHVUFZd0F2QUdZQVlRQXZBQ3NBTmdCNEFHSUFMd0F2QUM4QUx3QXZBR1VBWlFBdkFHWUFhd0F2QUNzQU5nQjZBR0VBTHdBdkFDOEFMd0F2QUdVQVpBQXZBR1lBZGdBdkFDc0FOd0F4QURnQUx3QXZBQzhBTHdBdkFHWUFNUUF2QUdjQU5RQXZBQ3NBTndBeEFHa0FMd0F2QUM4QUx3QXZBR2NBWndBdkFDOEFLd0EzQURFQWN3QXZBQzhBTHdBdkFDOEFhQUJ5QUM4QVp3QTBBQzhBS3dBM0FESUFNUUF2QUM4QUx3QXZBQzhBYVFCMEFDOEFad0F5QUM4QUt3QTNBRElBWWdBdkFDOEFMd0F2QUM4QWFnQnlBQzhBWndBd0FDOEFLd0EzQURJQWJBQXZBQzhBTHdBdkFDOEFhd0J1QUM4QUx3QXJBRGNBTWdCNEFDOEFMd0F2QUM4QUx3QnNBSE1BTHdCbkFERUFMd0FyQURjQU13QTJBQzhBYkFBdkFDOEFMd0F2QUcwQWRnQXZBR2NBTlFBdkFDc0FOd0F6QUdVQUx3QXZBQzhBTHdBdkFHOEFNd0F2QUdjQU9BQXZBQ3NBTndBekFIQUFMd0F2QUM4QUx3QXZBSEFBTkFBdkFHY0FaUUF2QUNzQU53QXpBSG9BTHdBdkFDOEFMd0F2QUhFQU1nQXZBR2NBYWdBdkFDc0FOd0EwQURnQUx3QXZBQzhBTHdBdkFIRUFjZ0F2QUdjQWF3QXZBQ3NBTndBMEFHb0FMd0F2QUM4QUx3QXZBSElBWlFBdkFHY0FiUUF2QUNzQU53QTBBSFFBTHdBdkFDOEFMd0F2QUhJQWRRQXZBQzhBS3dBM0FEVUFNZ0F2QUM4QUx3QXZBQzhBY3dBNEFDOEFMd0FyQURjQVlnQm1BQzhBTHdBdkFDOEFMd0J5QUhZQUx3Qm5BR3dBTHdBckFEY0FZd0JwQUM4QUx3QXZBQzhBTHdCeUFHd0FMd0JuQUc0QUx3QXJBRGNBWkFCakFDOEFMd0F2QUM4QUx3QnlBRFVBTHdCbkFIVUFMd0FyQURjQVpBQjJBQzhBTHdBdkFDOEFMd0J4QUhNQUx3Qm5BSGNBTHdBckFEY0FaUUI2QUM4QUx3QXZBQzhBTHdCeEFHa0FMd0JuQUhnQUx3QXJBRGNBWndCM0FDOEFNUUJwQUM4QUx3QXZBQzhBY1FBNEFDOEFad0I2QUM4QUt3QTNBR2tBWWdBdkFDOEFMd0F2QUM4QWNBQjVBQzhBYUFBeEFDOEFLd0EzQUdrQWRRQXZBQzhBTHdBdkFDOEFjQUJ0QUM4QWFBQXlBQzhBS3dBM0FHb0FOQUF2QUM4QUx3QXZBQzhBY0FBMkFDOEFMd0FpQUgwQVhRQmRBRjBBUGdBOEFDOEFSQUErQUR3QUx3QkZBRDRBUEFBdkFFVUFkZ0JsQUc0QWRBQnpBRDRBUEFCVEFGUUFVd0ErQURFQU5RQTBBRFlBTlFBekFEY0FNd0EzQURjQU5BQXdBRGtBUEFBdkFGTUFWQUJUQUQ0QVBBQXZBRU1BYkFCcEFHVUFiZ0IwQUVrQWJnQnpBSFFBVWdCbEFIRUFkUUJsQUhNQWRBQStBQT09PC9TdHJpbmdIdHRwQm9keT4NCiAgICA8L1JlcXVlc3Q+DQogICAgPFJlcXVlc3QgTWV0aG9kPSJQT1NUIiBHdWlkPSJhYjVhYzRiOS02MzgxLTQ1NmMtYjZkNy04YjdhZGM3ZGQwNTMiIFZlcnNpb249IjEuMSIgVXJsPSJodHRwczovL3d3dy5iaW5nLmNvbS9mZC9scy9sc3AuYXNweCIgVGhpbmtUaW1lPSIwIiBUaW1lb3V0PSIzMDAiIFBhcnNlRGVwZW5kZW50UmVxdWVzdHM9IlRydWUiIEZvbGxvd1JlZGlyZWN0cz0iVHJ1ZSIgUmVjb3JkUmVzdWx0PSJUcnVlIiBDYWNoZT0iRmFsc2UiIFJlc3BvbnNlVGltZUdvYWw9IjAiIEVuY29kaW5nPSJ1dGYtOCIgRXhwZWN0ZWRIdHRwU3RhdHVzQ29kZT0iMCIgRXhwZWN0ZWRSZXNwb25zZVVybD0iIiBSZXBvcnRpbmdOYW1lPSIiIElnbm9yZUh0dHBTdGF0dXNDb2RlPSJGYWxzZSI+DQogICAgICA8SGVhZGVycz4NCiAgICAgICAgPEhlYWRlciBOYW1lPSJSZWZlcmVyIiBWYWx1ZT0iaHR0cHM6Ly93d3cuYmluZy5jb20vc2VhcmNoP3E9d3d3Lmdvb2dsZS5jb20mYW1wO3NyYz1JRS1TZWFyY2hCb3gmYW1wO0ZPUk09SUVTUjRBJmFtcDtwYz1FVVBQXyIgLz4NCiAgICAgIDwvSGVhZGVycz4NCiAgICAgIDxTdHJpbmdIdHRwQm9keSBDb250ZW50VHlwZT0idGV4dC94bWwiIEluc2VydEJ5dGVPcmRlck1hcms9IkZhbHNlIj5QQUJEQUd3QWFRQmxBRzRBZEFCSkFHNEFjd0IwQUZJQVpRQnhBSFVBWlFCekFIUUFQZ0E4QUVVQWRnQmxBRzRBZEFCekFENEFQQUJGQUQ0QVBBQlVBRDRBUlFCMkFHVUFiZ0IwQUM0QVF3QnNBR2tBWlFCdUFIUUFTUUJ1QUhNQWRBQThBQzhBVkFBK0FEd0FTUUJIQUQ0QVFnQTBBRU1BUVFBM0FEUUFNd0JCQURBQVJRQTBBRE1BTkFBM0FEZ0FPUUJDQURZQU5RQkNBRGNBUXdCQkFERUFOUUE0QUVVQU13QXhBRVFBTVFCRUFEd0FMd0JKQUVjQVBnQThBRlFBVXdBK0FERUFOUUEwQURZQU5RQXpBRGNBTXdBM0FEZ0FPUUEzQURNQVBBQXZBRlFBVXdBK0FEd0FSQUErQUR3QUlRQmJBRU1BUkFCQkFGUUFRUUJiQUZzQWV3QWlBRlFBSWdBNkFDSUFRd0JKQUM0QVFnQnZBSGdBVFFCdkFHUUFaUUJzQUNJQUxBQWlBRVlBU1FCRUFDSUFPZ0FpQUVNQVNRQWlBQ3dBSWdCT0FHRUFiUUJsQUNJQU9nQWlBSFlBTWdBdUFEZ0FJZ0FzQUNJQVV3QldBQ0lBT2dBaUFEUUFJZ0FzQUNJQVVBQWlBRG9BZXdBaUFFTUFJZ0E2QURFQU9RQXNBQ0lBVGdBaUFEb0FOQUFzQUNJQVNRQWlBRG9BSWdBM0FEVUFhUUFpQUN3QUlnQlRBQ0lBT2dBaUFFTUFJZ0FzQUNJQVRRQWlBRG9BSWdCV0FDc0FUQUFyQUUwQUt3Qk5BRlFBS3dCRkFDc0FUZ0FyQUVNQUt3QkxBQ3NBUWdCRUFDSUFMQUFpQUZRQUlnQTZBREVBTWdBd0FEZ0FPUUFzQUNJQVN3QWlBRG9BSWdBNEFEUUFad0FpQUN3QUlnQkdBQ0lBT2dBd0FIMEFMQUFpQUVVQUlnQTZBQ0lBT1FCaUFIQUFMd0JzQUM4QVdBQXZBRElBTmdBdkFDSUFMQUFpQUU0QUlnQTZBQ0lBT0FBMEFHVUFMd0F4QUdzQUx3QXZBRUFBWWdBdkFHd0Fjd0FsQURJQVJnQnNBSE1BY0FBdUFHRUFjd0J3QUhnQUx3QjRBRzBBYkFCb0FIUUFkQUJ3QUhJQVpRQnhBSFVBWlFCekFIUUFMd0F6QUdNQUx3QkFBR01BTHdCQUFERUFNZ0F2QUMwQU1RQXZBRUFBTVFBeUFDOEFPQUEzQUdFQUx3QTRBRGNBYndBdkFEZ0FOd0J4QUNJQUxBQWlBRU1BSWdBNkFDSUFPQUJuQUhJQUx3QXhBR2NBTHdBdkFDOEFMd0J0QUhrQUx3Qm9BR3NBTHdBckFEZ0FhQUF5QUM4QUx3QXZBQzhBTHdCc0FHMEFMd0JvQUhRQUx3QXJBRGdBYUFCaEFDOEFMd0F2QUM4QUx3QnJBR0VBTHdCcEFERUFMd0FyQURnQWFRQjZBQzhBTHdBdkFDOEFMd0JsQUdzQUx3QnBBREFBTHdBckFEZ0FhZ0JoQUM4QUx3QXZBQzhBTHdCbEFEY0FMd0JvQUhnQUx3QXJBRGdBYXdCakFDOEFMd0F2QUM4QUx3QmtBSGdBTHdCb0FIWUFMd0FyQURnQWNRQTBBQzhBTHdBdkFDOEFMd0JrQURnQUx3Qm9BSG9BTHdBaUFIMEFYUUJkQUYwQVBnQThBQzhBUkFBK0FEd0FMd0JGQUQ0QVBBQXZBRVVBZGdCbEFHNEFkQUJ6QUQ0QVBBQlRBRlFBVXdBK0FERUFOUUEwQURZQU5RQXpBRGNBTXdBM0FEZ0FPUUEzQURNQVBBQXZBRk1BVkFCVEFENEFQQUF2QUVNQWJBQnBBR1VBYmdCMEFFa0FiZ0J6QUhRQVVnQmxBSEVBZFFCbEFITUFkQUErQUE9PTwvU3RyaW5nSHR0cEJvZHk+DQogICAgPC9SZXF1ZXN0Pg0KICA8L0l0ZW1zPg0KICA8VmFsaWRhdGlvblJ1bGVzPg0KICAgIDxWYWxpZGF0aW9uUnVsZSBDbGFzc25hbWU9Ik1pY3Jvc29mdC5WaXN1YWxTdHVkaW8uVGVzdFRvb2xzLldlYlRlc3RpbmcuUnVsZXMuVmFsaWRhdGVSZXNwb25zZVVybCwgTWljcm9zb2Z0LlZpc3VhbFN0dWRpby5RdWFsaXR5VG9vbHMuV2ViVGVzdEZyYW1ld29yaywgVmVyc2lvbj0xMC4wLjAuMCwgQ3VsdHVyZT1uZXV0cmFsLCBQdWJsaWNLZXlUb2tlbj1iMDNmNWY3ZjExZDUwYTNhIiBEaXNwbGF5TmFtZT0iUmVzcG9uc2UgVVJMIiBEZXNjcmlwdGlvbj0iVmFsaWRhdGVzIHRoYXQgdGhlIHJlc3BvbnNlIFVSTCBhZnRlciByZWRpcmVjdHMgYXJlIGZvbGxvd2VkIGlzIHRoZSBzYW1lIGFzIHRoZSByZWNvcmRlZCByZXNwb25zZSBVUkwuICBRdWVyeVN0cmluZyBwYXJhbWV0ZXJzIGFyZSBpZ25vcmVkLiIgTGV2ZWw9IkxvdyIgRXhlY3R1aW9uT3JkZXI9IkJlZm9yZURlcGVuZGVudHMiIC8+DQogICAgPFZhbGlkYXRpb25SdWxlIENsYXNzbmFtZT0iTWljcm9zb2Z0LlZpc3VhbFN0dWRpby5UZXN0VG9vbHMuV2ViVGVzdGluZy5SdWxlcy5WYWxpZGF0aW9uUnVsZVJlc3BvbnNlVGltZUdvYWwsIE1pY3Jvc29mdC5WaXN1YWxTdHVkaW8uUXVhbGl0eVRvb2xzLldlYlRlc3RGcmFtZXdvcmssIFZlcnNpb249MTAuMC4wLjAsIEN1bHR1cmU9bmV1dHJhbCwgUHVibGljS2V5VG9rZW49YjAzZjVmN2YxMWQ1MGEzYSIgRGlzcGxheU5hbWU9IlJlc3BvbnNlIFRpbWUgR29hbCIgRGVzY3JpcHRpb249IlZhbGlkYXRlcyB0aGF0IHRoZSByZXNwb25zZSB0aW1lIGZvciB0aGUgcmVxdWVzdCBpcyBsZXNzIHRoYW4gb3IgZXF1YWwgdG8gdGhlIHJlc3BvbnNlIHRpbWUgZ29hbCBhcyBzcGVjaWZpZWQgb24gdGhlIHJlcXVlc3QuICBSZXNwb25zZSB0aW1lIGdvYWxzIG9mIHplcm8gd2lsbCBiZSBpZ25vcmVkLiIgTGV2ZWw9IkxvdyIgRXhlY3R1aW9uT3JkZXI9IkFmdGVyRGVwZW5kZW50cyI+DQogICAgICA8UnVsZVBhcmFtZXRlcnM+DQogICAgICAgIDxSdWxlUGFyYW1ldGVyIE5hbWU9IlRvbGVyYW5jZSIgVmFsdWU9IjAiIC8+DQogICAgICA8L1J1bGVQYXJhbWV0ZXJzPg0KICAgIDwvVmFsaWRhdGlvblJ1bGU+DQogIDwvVmFsaWRhdGlvblJ1bGVzPg0KPC9XZWJUZXN0Pg==">
      <Execution id="0d92fa70-90cd-4ef2-801d-9f1f2ab3dce1" />
    </WebTest>
  </TestDefinitions>
  <TestLists>
    <TestList name="Results Not in a List" id="8c84fa94-04c1-424b-9868-57a2d4851a1d" />
    <TestList name="All Loaded Results" id="19431567-8539-422a-85d7-44ee4e166bda" />
  </TestLists>
  <TestEntries>
    <TestEntry isTransparent="false" testId="1e7336b3-21a5-4c1d-8cd4-c70d8d7d430c" executionId="0d92fa70-90cd-4ef2-801d-9f1f2ab3dce1" testListId="8c84fa94-04c1-424b-9868-57a2d4851a1d" />
  </TestEntries>
  <Results>
    <WebTestResult executionId="0d92fa70-90cd-4ef2-801d-9f1f2ab3dce1" testId="1e7336b3-21a5-4c1d-8cd4-c70d8d7d430c" testName="WebTest1" computerName="DESKTOP-0M063TH" duration="00:00:03.1852260" startTime="2019-01-03T23:14:48.5196141+05:30" endTime="2019-01-03T23:15:02.3644465+05:30" testType="4e7599fa-5ecb-43e9-a887-cd63cf72d207" outcome="Failed" testListId="8c84fa94-04c1-424b-9868-57a2d4851a1d" relativeResultsDirectory="0d92fa70-90cd-4ef2-801d-9f1f2ab3dce1">
      <Output>
        <ErrorInfo>
          <Message>4 primary requests, 0 dependant requests and 0 conditional rules failed</Message>
        </ErrorInfo>
      </Output>
      <ResultFiles>
        <ResultFile path="WebTest1.webtestResult" />
      </ResultFiles>
      <TestSettings name="Local" id="f59c1fbb-20b5-4fec-8e17-fdf92e79574e">
        <Description>These are default test settings for a local test run.</Description>
        <Execution hostProcessPlatform="MSIL">
          <TestTypeSpecific>
            <WebTestRunConfiguration testTypeId="4e7599fa-5ecb-43e9-a887-cd63cf72d207">
              <Browser name="Internet Explorer 9.0" MaxConnections="6">
                <Headers>
                  <Header name="User-Agent" value="Mozilla/5.0 (compatible; MSIE 9.0; Windows NT 6.1; Trident/5.0)" />
                  <Header name="Accept" value="*/*" />
                  <Header name="Accept-Language" value="{{$IEAcceptLanguage}}" />
                  <Header name="Accept-Encoding" value="GZIP" />
                </Headers>
              </Browser>
            </WebTestRunConfiguration>
          </TestTypeSpecific>
          <AgentRule name="Execution Agents">
          </AgentRule>
        </Execution>
        <Deployment runDeploymentRoot="Advay_DESKTOP-0M063TH 2019-01-03 23_14_47" />
        <Properties>
          <Property name="TestSettingsUIType" value="LoadTest" />
        </Properties>
      </TestSettings>
      <WebTestResultFilePath>Advay_DESKTOP-0M063TH 2019-01-03 23_14_47\In\0d92fa70-90cd-4ef2-801d-9f1f2ab3dce1\WebTest1.webtestResult</WebTestResultFilePath>
    </WebTestResult>
  </Results>
</TestRun>